#
# There is insufficient memory for the Java Runtime Environment to continue.
# Native memory allocation (malloc) failed to allocate 1087456 bytes for Chunk::new
# Possible reasons:
#   The system is out of physical RAM or swap space
#   The process is running with CompressedOops enabled, and the Java Heap may be blocking the growth of the native heap
# Possible solutions:
#   Reduce memory load on the system
#   Increase physical memory or swap space
#   Check if swap backing store is full
#   Decrease Java heap size (-Xmx/-Xms)
#   Decrease number of Java threads
#   Decrease Java thread stack sizes (-Xss)
#   Set larger code cache with -XX:ReservedCodeCacheSize=
#   JVM is running with Unscaled Compressed Oops mode in which the Java heap is
#     placed in the first 4GB address space. The Java Heap base address is the
#     maximum limit for the native heap growth. Please use -XX:HeapBaseMinAddress
#     to set the Java Heap base and to place the Java Heap above 4GB virtual address.
# This output file may be truncated or incomplete.
#
#  Out of Memory Error (./src/hotspot/share/memory/arena.cpp:197), pid=11088, tid=13352
#
# JRE version: OpenJDK Runtime Environment (11.0.10) (build 11.0.10+0-b96-7249189)
# Java VM: OpenJDK 64-Bit Server VM (11.0.10+0-b96-7249189, mixed mode, tiered, compressed oops, g1 gc, windows-amd64)
# No core dump will be written. Minidumps are not enabled by default on client versions of Windows
#

---------------  S U M M A R Y ------------

Command Line: --add-opens=java.base/java.util=ALL-UNNAMED --add-opens=java.base/java.lang=ALL-UNNAMED --add-opens=java.base/java.lang.invoke=ALL-UNNAMED --add-opens=java.base/java.util=ALL-UNNAMED --add-opens=java.prefs/java.util.prefs=ALL-UNNAMED --add-opens=java.prefs/java.util.prefs=ALL-UNNAMED --add-opens=java.base/java.nio.charset=ALL-UNNAMED --add-opens=java.base/java.net=ALL-UNNAMED --add-opens=java.base/java.util.concurrent.atomic=ALL-UNNAMED -Xmx2048m -Dfile.encoding=UTF-8 -Duser.country=US -Duser.language=en -Duser.variant org.gradle.launcher.daemon.bootstrap.GradleDaemon 7.0.2

Host: Intel(R) Core(TM) i7-8550U CPU @ 1.80GHz, 8 cores, 7G,  Windows 10 , 64 bit Build 19041 (10.0.19041.546)
Time: Tue Feb 22 04:20:06 2022 Jerusalem Standard Time elapsed time: 3501.821344 seconds (0d 0h 58m 21s)

---------------  T H R E A D  ---------------

Current thread (0x000001737a002000):  JavaThread "C2 CompilerThread0" daemon [_thread_in_native, id=13352, stack(0x0000002725400000,0x0000002725500000)]


Current CompileTask:
C2:3501821 33678 %     4       com.android.tools.r8.ir.regalloc.a::a @ 1405 (3985 bytes)

Stack: [0x0000002725400000,0x0000002725500000]
Native frames: (J=compiled Java code, j=interpreted, Vv=VM code, C=native code)
V  [jvm.dll+0x5ecfaa]
V  [jvm.dll+0x722bd5]
V  [jvm.dll+0x72412d]
V  [jvm.dll+0x7247e3]
V  [jvm.dll+0x242928]
V  [jvm.dll+0xbc4fc]
V  [jvm.dll+0xbca0c]
V  [jvm.dll+0x2b4fd4]
V  [jvm.dll+0x506028]
V  [jvm.dll+0x1fc985]
V  [jvm.dll+0x1fa77f]
V  [jvm.dll+0x18354c]
V  [jvm.dll+0x208ee7]
V  [jvm.dll+0x207731]
V  [jvm.dll+0x6eb1cf]
V  [jvm.dll+0x6e3d45]
V  [jvm.dll+0x5ebe96]
C  [ucrtbase.dll+0x214c2]
C  [KERNEL32.DLL+0x17034]
C  [ntdll.dll+0x4cec1]


---------------  P R O C E S S  ---------------

Threads class SMR info:
_java_thread_list=0x000001730f7affe0, length=79, elements={
0x000001736eb7e000, 0x0000017379fe1000, 0x0000017379fe3000, 0x0000017379ffa000,
0x0000017379ffb000, 0x0000017379ffd000, 0x000001737a002000, 0x000001737a003000,
0x000001737a006800, 0x000001737aaba000, 0x000001737c319000, 0x000001737abbc000,
0x000001737bf55000, 0x000001737bf8e800, 0x000001737bf90000, 0x000001737bf91000,
0x000001737ac45800, 0x000001737ac47800, 0x000001737ac49800, 0x000001737ac4a800,
0x000001737ac45000, 0x000001737ac4b800, 0x000001737ac50800, 0x000001737f9ce800,
0x000001737f9d2800, 0x000001737f9d2000, 0x000001737f9d3800, 0x000001737f9d6000,
0x000001737f9d5000, 0x000001737eb98800, 0x000001737ac46800, 0x000001737ac51000,
0x000001737ac4e000, 0x000001737ac4e800, 0x000001737bf8f800, 0x000001737eb92000,
0x000001737eb94800, 0x000001737eb92800, 0x000001737eb95000, 0x000001737eb96000,
0x000001737eb97000, 0x000001737eb91000, 0x000001737eb9a000, 0x000001737eb9c800,
0x000001737eb9d800, 0x000001737eb99000, 0x000001737eb97800, 0x000001737eb9e000,
0x000001737eb9f000, 0x000001737eb9b000, 0x000001737eb9b800, 0x000001737f9cf800,
0x000001737f9cc000, 0x000001737f9d1000, 0x000001737f9cd800, 0x000001737f9cd000,
0x000001737f9d4000, 0x000001737f9d7800, 0x000001737f9d8800, 0x000001737f9d9000,
0x000001737f9da000, 0x000001737f9da800, 0x000001731108a000, 0x0000017311086000,
0x000001731108c800, 0x000001731108b000, 0x0000017311087800, 0x0000017311088800,
0x0000017311086800, 0x0000017311089000, 0x000001730f3d9800, 0x000001730f3db000,
0x0000017317067000, 0x000001730f3d6000, 0x000001730f3dc800, 0x000001730f3d7000,
0x000001737ac44000, 0x000001737ac42800, 0x000001737ac4c000
}

Java Threads: ( => current thread )
  0x000001736eb7e000 JavaThread "main" [_thread_blocked, id=13452, stack(0x0000002724800000,0x0000002724900000)]
  0x0000017379fe1000 JavaThread "Reference Handler" daemon [_thread_blocked, id=13644, stack(0x0000002724f00000,0x0000002725000000)]
  0x0000017379fe3000 JavaThread "Finalizer" daemon [_thread_blocked, id=13620, stack(0x0000002725000000,0x0000002725100000)]
  0x0000017379ffa000 JavaThread "Signal Dispatcher" daemon [_thread_blocked, id=13392, stack(0x0000002725100000,0x0000002725200000)]
  0x0000017379ffb000 JavaThread "Attach Listener" daemon [_thread_blocked, id=13376, stack(0x0000002725200000,0x0000002725300000)]
  0x0000017379ffd000 JavaThread "Service Thread" daemon [_thread_blocked, id=13384, stack(0x0000002725300000,0x0000002725400000)]
=>0x000001737a002000 JavaThread "C2 CompilerThread0" daemon [_thread_in_native, id=13352, stack(0x0000002725400000,0x0000002725500000)]
  0x000001737a003000 JavaThread "C1 CompilerThread0" daemon [_thread_blocked, id=13360, stack(0x0000002725500000,0x0000002725600000)]
  0x000001737a006800 JavaThread "Sweeper thread" daemon [_thread_blocked, id=13364, stack(0x0000002725600000,0x0000002725700000)]
  0x000001737aaba000 JavaThread "Common-Cleaner" daemon [_thread_blocked, id=13368, stack(0x0000002725700000,0x0000002725800000)]
  0x000001737c319000 JavaThread "Daemon health stats" [_thread_blocked, id=14084, stack(0x0000002725900000,0x0000002725a00000)]
  0x000001737abbc000 JavaThread "Incoming local TCP Connector on port 49861" [_thread_in_native, id=11848, stack(0x0000002725a00000,0x0000002725b00000)]
  0x000001737bf55000 JavaThread "Daemon periodic checks" [_thread_blocked, id=12004, stack(0x0000002725d00000,0x0000002725e00000)]
  0x000001737bf8e800 JavaThread "Cache worker for file hash cache (C:\Users\palbr\.gradle\caches\7.0.2\fileHashes)" [_thread_blocked, id=928, stack(0x0000002726200000,0x0000002726300000)]
  0x000001737bf90000 JavaThread "File lock request listener" [_thread_in_native, id=924, stack(0x0000002726b00000,0x0000002726c00000)]
  0x000001737bf91000 JavaThread "Cache worker for journal cache (C:\Users\palbr\.gradle\caches\journal-1)" [_thread_blocked, id=1112, stack(0x0000002726d00000,0x0000002726e00000)]
  0x000001737ac45800 JavaThread "File watcher server" daemon [_thread_in_native, id=12668, stack(0x0000002727000000,0x0000002727100000)]
  0x000001737ac47800 JavaThread "File watcher consumer" daemon [_thread_blocked, id=13868, stack(0x0000002727100000,0x0000002727200000)]
  0x000001737ac49800 JavaThread "Cache worker for execution history cache (C:\Users\palbr\.gradle\caches\7.0.2\executionHistory)" [_thread_blocked, id=12704, stack(0x0000002727600000,0x0000002727700000)]
  0x000001737ac4a800 JavaThread "jar transforms" [_thread_blocked, id=13172, stack(0x0000002727700000,0x0000002727800000)]
  0x000001737ac45000 JavaThread "jar transforms Thread 2" [_thread_blocked, id=2216, stack(0x0000002727800000,0x0000002727900000)]
  0x000001737ac4b800 JavaThread "Cache worker for file content cache (C:\Users\palbr\.gradle\caches\7.0.2\fileContent)" [_thread_blocked, id=2008, stack(0x0000002727900000,0x0000002727a00000)]
  0x000001737ac50800 JavaThread "jar transforms Thread 3" [_thread_blocked, id=2324, stack(0x0000002727b00000,0x0000002727c00000)]
  0x000001737f9ce800 JavaThread "jar transforms Thread 4" [_thread_blocked, id=13136, stack(0x0000002728500000,0x0000002728600000)]
  0x000001737f9d2800 JavaThread "jar transforms Thread 5" [_thread_blocked, id=3824, stack(0x0000002728600000,0x0000002728700000)]
  0x000001737f9d2000 JavaThread "jar transforms Thread 6" [_thread_blocked, id=3820, stack(0x0000002728700000,0x0000002728800000)]
  0x000001737f9d3800 JavaThread "jar transforms Thread 7" [_thread_blocked, id=3912, stack(0x0000002728800000,0x0000002728900000)]
  0x000001737f9d6000 JavaThread "jar transforms Thread 8" [_thread_blocked, id=3908, stack(0x0000002728900000,0x0000002728a00000)]
  0x000001737f9d5000 JavaThread "Memory manager" [_thread_blocked, id=7652, stack(0x0000002728a00000,0x0000002728b00000)]
  0x000001737eb98800 JavaThread "Cache worker for Java compile cache (C:\Users\palbr\.gradle\caches\7.0.2\javaCompile)" [_thread_blocked, id=3140, stack(0x0000002729100000,0x0000002729200000)]
  0x000001737ac46800 JavaThread "ForkJoinPool.commonPool-worker-5" daemon [_thread_blocked, id=6928, stack(0x0000002729f00000,0x000000272a000000)]
  0x000001737ac51000 JavaThread "ForkJoinPool.commonPool-worker-7" daemon [_thread_blocked, id=8028, stack(0x000000272a000000,0x000000272a100000)]
  0x000001737ac4e000 JavaThread "ForkJoinPool.commonPool-worker-11" daemon [_thread_blocked, id=13252, stack(0x000000272a100000,0x000000272a200000)]
  0x000001737ac4e800 JavaThread "ForkJoinPool.commonPool-worker-13" daemon [_thread_blocked, id=5148, stack(0x000000272a200000,0x000000272a300000)]
  0x000001737bf8f800 JavaThread "ForkJoinPool.commonPool-worker-15" daemon [_thread_blocked, id=5248, stack(0x000000272a300000,0x000000272a400000)]
  0x000001737eb92000 JavaThread "Daemon Thread 15" [_thread_blocked, id=1512, stack(0x0000002724500000,0x0000002724600000)]
  0x000001737eb94800 JavaThread "Handler for socket connection from /127.0.0.1:49861 to /127.0.0.1:55632" [_thread_in_native, id=2508, stack(0x0000002724600000,0x0000002724700000)]
  0x000001737eb92800 JavaThread "Cancel handler" [_thread_blocked, id=14080, stack(0x0000002724700000,0x0000002724800000)]
  0x000001737eb95000 JavaThread "Daemon worker Thread 15" [_thread_blocked, id=11220, stack(0x0000002725e00000,0x0000002725f00000)]
  0x000001737eb96000 JavaThread "Asynchronous log dispatcher for DefaultDaemonConnection: socket connection from /127.0.0.1:49861 to /127.0.0.1:55632" [_thread_blocked, id=13428, stack(0x0000002725f00000,0x0000002726000000)]
  0x000001737eb97000 JavaThread "Stdin handler" [_thread_blocked, id=12592, stack(0x0000002726000000,0x0000002726100000)]
  0x000001737eb91000 JavaThread "Daemon client event forwarder" [_thread_blocked, id=1248, stack(0x0000002726100000,0x0000002726200000)]
  0x000001737eb9a000 JavaThread "Cache worker for file hash cache (C:\Users\palbr\Desktop\Android\aminah3\Rental_Home Project\.gradle\7.0.2\fileHashes)" [_thread_blocked, id=13756, stack(0x0000002726300000,0x0000002726400000)]
  0x000001737eb9c800 JavaThread "Cache worker for checksums cache (C:\Users\palbr\Desktop\Android\aminah3\Rental_Home Project\.gradle\checksums)" [_thread_blocked, id=8880, stack(0x0000002726400000,0x0000002726500000)]
  0x000001737eb9d800 JavaThread "Cache worker for cache directory md-supplier (C:\Users\palbr\.gradle\caches\7.0.2\md-supplier)" [_thread_blocked, id=1652, stack(0x0000002726500000,0x0000002726600000)]
  0x000001737eb99000 JavaThread "Cache worker for cache directory md-rule (C:\Users\palbr\.gradle\caches\7.0.2\md-rule)" [_thread_blocked, id=7356, stack(0x0000002726e00000,0x0000002726f00000)]
  0x000001737eb97800 JavaThread "Cache worker for dependencies-accessors (C:\Users\palbr\Desktop\Android\aminah3\Rental_Home Project\.gradle\7.0.2\dependencies-accessors)" [_thread_blocked, id=4844, stack(0x0000002726f00000,0x0000002727000000)]
  0x000001737eb9e000 JavaThread "Cache worker for Build Output Cleanup Cache (C:\Users\palbr\Desktop\Android\aminah3\Rental_Home Project\.gradle\buildOutputCleanup)" [_thread_blocked, id=8236, stack(0x0000002727200000,0x0000002727300000)]
  0x000001737eb9f000 JavaThread "Build operations" [_thread_blocked, id=8928, stack(0x0000002727400000,0x0000002727500000)]
  0x000001737eb9b000 JavaThread "Build operations Thread 2" [_thread_blocked, id=10452, stack(0x0000002727500000,0x0000002727600000)]
  0x000001737eb9b800 JavaThread "Build operations Thread 3" [_thread_blocked, id=7872, stack(0x0000002727a00000,0x0000002727b00000)]
  0x000001737f9cf800 JavaThread "Build operations Thread 4" [_thread_blocked, id=2468, stack(0x0000002727c00000,0x0000002727d00000)]
  0x000001737f9cc000 JavaThread "Build operations Thread 5" [_thread_blocked, id=14220, stack(0x0000002727d00000,0x0000002727e00000)]
  0x000001737f9d1000 JavaThread "Build operations Thread 6" [_thread_blocked, id=1268, stack(0x0000002727e00000,0x0000002727f00000)]
  0x000001737f9cd800 JavaThread "Build operations Thread 7" [_thread_blocked, id=5216, stack(0x0000002727f00000,0x0000002728000000)]
  0x000001737f9cd000 JavaThread "Build operations Thread 8" [_thread_blocked, id=11272, stack(0x0000002728000000,0x0000002728100000)]
  0x000001737f9d4000 JavaThread "build event listener" [_thread_blocked, id=8556, stack(0x0000002728100000,0x0000002728200000)]
  0x000001737f9d7800 JavaThread "Execution worker for ':'" [_thread_blocked, id=14024, stack(0x0000002728200000,0x0000002728300000)]
  0x000001737f9d8800 JavaThread "Execution worker for ':' Thread 2" [_thread_blocked, id=2772, stack(0x0000002728300000,0x0000002728400000)]
  0x000001737f9d9000 JavaThread "Execution worker for ':' Thread 3" [_thread_blocked, id=11192, stack(0x0000002728400000,0x0000002728500000)]
  0x000001737f9da000 JavaThread "Execution worker for ':' Thread 4" [_thread_blocked, id=1396, stack(0x0000002728b00000,0x0000002728c00000)]
  0x000001737f9da800 JavaThread "Execution worker for ':' Thread 5" [_thread_blocked, id=1972, stack(0x0000002728c00000,0x0000002728d00000)]
  0x000001731108a000 JavaThread "Execution worker for ':' Thread 6" [_thread_blocked, id=10364, stack(0x0000002728d00000,0x0000002728e00000)]
  0x0000017311086000 JavaThread "Execution worker for ':' Thread 7" [_thread_blocked, id=13264, stack(0x0000002728e00000,0x0000002728f00000)]
  0x000001731108c800 JavaThread "Cache worker for execution history cache (C:\Users\palbr\Desktop\Android\aminah3\Rental_Home Project\.gradle\7.0.2\executionHistory)" [_thread_blocked, id=8580, stack(0x0000002728f00000,0x0000002729000000)]
  0x000001731108b000 JavaThread "WorkerExecutor Queue" [_thread_blocked, id=14296, stack(0x0000002729000000,0x0000002729100000)]
  0x0000017311087800 JavaThread "WorkerExecutor Queue Thread 2" [_thread_blocked, id=3272, stack(0x0000002729200000,0x0000002729300000)]
  0x0000017311088800 JavaThread "WorkerExecutor Queue Thread 3" [_thread_blocked, id=13560, stack(0x0000002729300000,0x0000002729400000)]
  0x0000017311086800 JavaThread "pool-53-thread-1" [_thread_blocked, id=7372, stack(0x0000002729400000,0x0000002729500000)]
  0x0000017311089000 JavaThread "stderr" [_thread_in_native, id=10228, stack(0x0000002729500000,0x0000002729600000)]
  0x000001730f3d9800 JavaThread "stdout" [_thread_in_native, id=1344, stack(0x0000002729600000,0x0000002729700000)]
  0x000001730f3db000 JavaThread "Cache worker for Java compile cache (C:\Users\palbr\Desktop\Android\aminah3\Rental_Home Project\.gradle\7.0.2\javaCompile)" [_thread_blocked, id=3692, stack(0x0000002729800000,0x0000002729900000)]
  0x0000017317067000 JavaThread "C2 CompilerThread1" daemon [_thread_in_native, id=1856, stack(0x0000002727300000,0x0000002727400000)]
  0x000001730f3d6000 JavaThread "WorkerExecutor Queue Thread 4" [_thread_blocked, id=12528, stack(0x0000002729700000,0x0000002729800000)]
  0x000001730f3dc800 JavaThread "WorkerExecutor Queue Thread 5" [_thread_in_Java, id=3584, stack(0x0000002729900000,0x0000002729a00000)]
  0x000001730f3d7000 JavaThread "WorkerExecutor Queue Thread 6" [_thread_blocked, id=1216, stack(0x0000002729a00000,0x0000002729b00000)]
  0x000001737ac44000 JavaThread "WorkerExecutor Queue Thread 7" [_thread_blocked, id=9796, stack(0x0000002729b00000,0x0000002729c00000)]
  0x000001737ac42800 JavaThread "WorkerExecutor Queue Thread 8" [_thread_blocked, id=6724, stack(0x0000002729c00000,0x0000002729d00000)]
  0x000001737ac4c000 JavaThread "WorkerExecutor Queue Thread 9" [_thread_blocked, id=4584, stack(0x0000002729d00000,0x0000002729e00000)]

Other Threads:
  0x0000017379fde800 VMThread "VM Thread" [stack: 0x0000002724e00000,0x0000002724f00000] [id=13640]
  0x000001737aabb800 WatcherThread [stack: 0x0000002725800000,0x0000002725900000] [id=10400]
  0x000001736eb95800 GCTaskThread "GC Thread#0" [stack: 0x0000002724900000,0x0000002724a00000] [id=7612]
  0x000001737b44b800 GCTaskThread "GC Thread#1" [stack: 0x0000002725b00000,0x0000002725c00000] [id=5304]
  0x000001737b800000 GCTaskThread "GC Thread#2" [stack: 0x0000002725c00000,0x0000002725d00000] [id=13808]
  0x000001737be7c800 GCTaskThread "GC Thread#3" [stack: 0x0000002726600000,0x0000002726700000] [id=1036]
  0x000001737bba5800 GCTaskThread "GC Thread#4" [stack: 0x0000002726700000,0x0000002726800000] [id=12732]
  0x000001737cfe8000 GCTaskThread "GC Thread#5" [stack: 0x0000002726800000,0x0000002726900000] [id=10164]
  0x000001737bab6800 GCTaskThread "GC Thread#6" [stack: 0x0000002726900000,0x0000002726a00000] [id=14320]
  0x000001737c049800 GCTaskThread "GC Thread#7" [stack: 0x0000002726a00000,0x0000002726b00000] [id=768]
  0x000001736ebc9800 ConcurrentGCThread "G1 Main Marker" [stack: 0x0000002724a00000,0x0000002724b00000] [id=9188]
  0x000001736ebcb000 ConcurrentGCThread "G1 Conc#0" [stack: 0x0000002724b00000,0x0000002724c00000] [id=8520]
  0x000001737c9b9000 ConcurrentGCThread "G1 Conc#1" [stack: 0x0000002726c00000,0x0000002726d00000] [id=13036]
  0x000001736ec58000 ConcurrentGCThread "G1 Refine#0" [stack: 0x0000002724c00000,0x0000002724d00000] [id=9396]
  0x0000017379e30800 ConcurrentGCThread "G1 Young RemSet Sampling" [stack: 0x0000002724d00000,0x0000002724e00000] [id=11640]

Threads with active compile tasks:
C2 CompilerThread03501872 33678 %     4       com.android.tools.r8.ir.regalloc.a::a @ 1405 (3985 bytes)
C2 CompilerThread13501872 33623 %     4       com.android.tools.r8.internal.U6::a @ 66 (6044 bytes)

VM state:not at safepoint (normal execution)

VM Mutex/Monitor currently owned by a thread: None

Heap address: 0x0000000080000000, size: 2048 MB, Compressed Oops mode: 32-bit
Narrow klass base: 0x0000000000000000, Narrow klass shift: 3
Compressed class space size: 1073741824 Address: 0x0000000100000000

Heap:
 garbage-first heap   total 386048K, used 174624K [0x0000000080000000, 0x0000000100000000)
  region size 1024K, 21 young (21504K), 6 survivors (6144K)
 Metaspace       used 146348K, capacity 151941K, committed 152140K, reserved 1181696K
  class space    used 18080K, capacity 20029K, committed 20044K, reserved 1048576K
Heap Regions: E=young(eden), S=young(survivor), O=old, HS=humongous(starts), HC=humongous(continues), CS=collection set, F=free, A=archive, TAMS=top-at-mark-start (previous, next)
|   0|0x0000000080000000, 0x0000000080100000, 0x0000000080100000|100%| O|  |TAMS 0x0000000080100000, 0x0000000080000000| Untracked 
|   1|0x0000000080100000, 0x0000000080200000, 0x0000000080200000|100%| O|  |TAMS 0x0000000080200000, 0x0000000080100000| Untracked 
|   2|0x0000000080200000, 0x0000000080300000, 0x0000000080300000|100%| O|  |TAMS 0x0000000080300000, 0x0000000080200000| Untracked 
|   3|0x0000000080300000, 0x0000000080400000, 0x0000000080400000|100%|HS|  |TAMS 0x0000000080400000, 0x0000000080300000| Complete 
|   4|0x0000000080400000, 0x0000000080500000, 0x0000000080500000|100%|HC|  |TAMS 0x0000000080500000, 0x0000000080400000| Complete 
|   5|0x0000000080500000, 0x0000000080600000, 0x0000000080600000|100%|HC|  |TAMS 0x0000000080600000, 0x0000000080500000| Complete 
|   6|0x0000000080600000, 0x0000000080700000, 0x0000000080700000|100%| O|  |TAMS 0x0000000080700000, 0x0000000080600000| Untracked 
|   7|0x0000000080700000, 0x0000000080800000, 0x0000000080800000|100%| O|  |TAMS 0x0000000080800000, 0x0000000080700000| Untracked 
|   8|0x0000000080800000, 0x0000000080900000, 0x0000000080900000|100%| O|  |TAMS 0x0000000080900000, 0x0000000080800000| Complete 
|   9|0x0000000080900000, 0x0000000080a00000, 0x0000000080a00000|100%| O|  |TAMS 0x0000000080a00000, 0x0000000080900000| Untracked 
|  10|0x0000000080a00000, 0x0000000080b00000, 0x0000000080b00000|100%| O|  |TAMS 0x0000000080b00000, 0x0000000080a00000| Untracked 
|  11|0x0000000080b00000, 0x0000000080c00000, 0x0000000080c00000|100%| O|  |TAMS 0x0000000080c00000, 0x0000000080b00000| Untracked 
|  12|0x0000000080c00000, 0x0000000080d00000, 0x0000000080d00000|100%| O|  |TAMS 0x0000000080d00000, 0x0000000080c00000| Untracked 
|  13|0x0000000080d00000, 0x0000000080e00000, 0x0000000080e00000|100%| O|  |TAMS 0x0000000080e00000, 0x0000000080d00000| Untracked 
|  14|0x0000000080e00000, 0x0000000080f00000, 0x0000000080f00000|100%| O|  |TAMS 0x0000000080f00000, 0x0000000080e00000| Complete 
|  15|0x0000000080f00000, 0x0000000081000000, 0x0000000081000000|100%| O|  |TAMS 0x0000000081000000, 0x0000000080f00000| Complete 
|  16|0x0000000081000000, 0x0000000081100000, 0x0000000081100000|100%|HS|  |TAMS 0x0000000081100000, 0x0000000081000000| Complete 
|  17|0x0000000081100000, 0x0000000081200000, 0x0000000081200000|100%| O|  |TAMS 0x0000000081200000, 0x0000000081100000| Complete 
|  18|0x0000000081200000, 0x0000000081300000, 0x0000000081300000|100%| O|  |TAMS 0x0000000081300000, 0x0000000081200000| Complete 
|  19|0x0000000081300000, 0x0000000081400000, 0x0000000081400000|100%| O|  |TAMS 0x0000000081400000, 0x0000000081300000| Complete 
|  20|0x0000000081400000, 0x0000000081500000, 0x0000000081500000|100%| O|  |TAMS 0x0000000081500000, 0x0000000081400000| Complete 
|  21|0x0000000081500000, 0x0000000081600000, 0x0000000081600000|100%| O|  |TAMS 0x0000000081600000, 0x0000000081500000| Complete 
|  22|0x0000000081600000, 0x0000000081700000, 0x0000000081700000|100%| O|  |TAMS 0x0000000081700000, 0x0000000081600000| Complete 
|  23|0x0000000081700000, 0x0000000081800000, 0x0000000081800000|100%| O|  |TAMS 0x0000000081800000, 0x0000000081700000| Untracked 
|  24|0x0000000081800000, 0x0000000081900000, 0x0000000081900000|100%| O|  |TAMS 0x0000000081900000, 0x0000000081800000| Complete 
|  25|0x0000000081900000, 0x0000000081a00000, 0x0000000081a00000|100%| O|  |TAMS 0x0000000081a00000, 0x0000000081900000| Untracked 
|  26|0x0000000081a00000, 0x0000000081b00000, 0x0000000081b00000|100%| O|  |TAMS 0x0000000081b00000, 0x0000000081a00000| Untracked 
|  27|0x0000000081b00000, 0x0000000081c00000, 0x0000000081c00000|100%|HS|  |TAMS 0x0000000081c00000, 0x0000000081b00000| Complete 
|  28|0x0000000081c00000, 0x0000000081d00000, 0x0000000081d00000|100%|HS|  |TAMS 0x0000000081d00000, 0x0000000081c00000| Complete 
|  29|0x0000000081d00000, 0x0000000081e00000, 0x0000000081e00000|100%|HC|  |TAMS 0x0000000081e00000, 0x0000000081d00000| Complete 
|  30|0x0000000081e00000, 0x0000000081f00000, 0x0000000081f00000|100%| O|  |TAMS 0x0000000081f00000, 0x0000000081e00000| Complete 
|  31|0x0000000081f00000, 0x0000000082000000, 0x0000000082000000|100%| O|  |TAMS 0x0000000082000000, 0x0000000081f00000| Untracked 
|  32|0x0000000082000000, 0x0000000082100000, 0x0000000082100000|100%| O|  |TAMS 0x0000000082100000, 0x0000000082000000| Complete 
|  33|0x0000000082100000, 0x0000000082200000, 0x0000000082200000|100%| O|  |TAMS 0x0000000082200000, 0x0000000082100000| Complete 
|  34|0x0000000082200000, 0x0000000082300000, 0x0000000082300000|100%| O|  |TAMS 0x0000000082300000, 0x0000000082200000| Untracked 
|  35|0x0000000082300000, 0x0000000082400000, 0x0000000082400000|100%| O|  |TAMS 0x0000000082400000, 0x0000000082300000| Complete 
|  36|0x0000000082400000, 0x0000000082500000, 0x0000000082500000|100%| O|  |TAMS 0x0000000082500000, 0x0000000082400000| Untracked 
|  37|0x0000000082500000, 0x0000000082600000, 0x0000000082600000|100%| O|  |TAMS 0x0000000082600000, 0x0000000082500000| Untracked 
|  38|0x0000000082600000, 0x0000000082700000, 0x0000000082700000|100%| O|  |TAMS 0x0000000082700000, 0x0000000082600000| Untracked 
|  39|0x0000000082700000, 0x0000000082800000, 0x0000000082800000|100%| O|  |TAMS 0x0000000082800000, 0x0000000082700000| Untracked 
|  40|0x0000000082800000, 0x0000000082900000, 0x0000000082900000|100%| O|  |TAMS 0x0000000082900000, 0x0000000082800000| Complete 
|  41|0x0000000082900000, 0x0000000082a00000, 0x0000000082a00000|100%| O|  |TAMS 0x0000000082a00000, 0x0000000082900000| Untracked 
|  42|0x0000000082a00000, 0x0000000082b00000, 0x0000000082b00000|100%| O|  |TAMS 0x0000000082b00000, 0x0000000082a00000| Complete 
|  43|0x0000000082b00000, 0x0000000082c00000, 0x0000000082c00000|100%| O|  |TAMS 0x0000000082c00000, 0x0000000082b00000| Complete 
|  44|0x0000000082c00000, 0x0000000082d00000, 0x0000000082d00000|100%| O|  |TAMS 0x0000000082d00000, 0x0000000082c00000| Complete 
|  45|0x0000000082d00000, 0x0000000082e00000, 0x0000000082e00000|100%| O|  |TAMS 0x0000000082e00000, 0x0000000082d00000| Untracked 
|  46|0x0000000082e00000, 0x0000000082f00000, 0x0000000082f00000|100%| O|  |TAMS 0x0000000082f00000, 0x0000000082e00000| Untracked 
|  47|0x0000000082f00000, 0x0000000083000000, 0x0000000083000000|100%| O|  |TAMS 0x0000000083000000, 0x0000000082f00000| Untracked 
|  48|0x0000000083000000, 0x0000000083100000, 0x0000000083100000|100%| O|  |TAMS 0x0000000083100000, 0x0000000083000000| Complete 
|  49|0x0000000083100000, 0x0000000083200000, 0x0000000083200000|100%| O|  |TAMS 0x0000000083200000, 0x0000000083100000| Untracked 
|  50|0x0000000083200000, 0x0000000083300000, 0x0000000083300000|100%| O|  |TAMS 0x0000000083300000, 0x0000000083200000| Untracked 
|  51|0x0000000083300000, 0x0000000083400000, 0x0000000083400000|100%| O|  |TAMS 0x0000000083400000, 0x0000000083300000| Complete 
|  52|0x0000000083400000, 0x0000000083500000, 0x0000000083500000|100%|HS|  |TAMS 0x0000000083500000, 0x0000000083400000| Complete 
|  53|0x0000000083500000, 0x0000000083600000, 0x0000000083600000|100%|HC|  |TAMS 0x0000000083600000, 0x0000000083500000| Complete 
|  54|0x0000000083600000, 0x0000000083700000, 0x0000000083700000|100%|HC|  |TAMS 0x0000000083700000, 0x0000000083600000| Complete 
|  55|0x0000000083700000, 0x0000000083800000, 0x0000000083800000|100%| O|  |TAMS 0x0000000083800000, 0x0000000083700000| Complete 
|  56|0x0000000083800000, 0x0000000083900000, 0x0000000083900000|100%| O|  |TAMS 0x0000000083900000, 0x0000000083800000| Untracked 
|  57|0x0000000083900000, 0x0000000083a00000, 0x0000000083a00000|100%| O|  |TAMS 0x0000000083a00000, 0x0000000083900000| Untracked 
|  58|0x0000000083a00000, 0x0000000083b00000, 0x0000000083b00000|100%| O|  |TAMS 0x0000000083b00000, 0x0000000083a00000| Complete 
|  59|0x0000000083b00000, 0x0000000083c00000, 0x0000000083c00000|100%| O|  |TAMS 0x0000000083c00000, 0x0000000083b00000| Untracked 
|  60|0x0000000083c00000, 0x0000000083d00000, 0x0000000083d00000|100%| O|  |TAMS 0x0000000083d00000, 0x0000000083c00000| Untracked 
|  61|0x0000000083d00000, 0x0000000083e00000, 0x0000000083e00000|100%| O|  |TAMS 0x0000000083e00000, 0x0000000083d00000| Untracked 
|  62|0x0000000083e00000, 0x0000000083f00000, 0x0000000083f00000|100%| O|  |TAMS 0x0000000083f00000, 0x0000000083e00000| Complete 
|  63|0x0000000083f00000, 0x0000000084000000, 0x0000000084000000|100%| O|  |TAMS 0x0000000084000000, 0x0000000083f00000| Complete 
|  64|0x0000000084000000, 0x0000000084100000, 0x0000000084100000|100%| O|  |TAMS 0x0000000084100000, 0x0000000084000000| Untracked 
|  65|0x0000000084100000, 0x0000000084200000, 0x0000000084200000|100%| O|  |TAMS 0x0000000084200000, 0x0000000084100000| Untracked 
|  66|0x0000000084200000, 0x0000000084300000, 0x0000000084300000|100%| O|  |TAMS 0x0000000084300000, 0x0000000084200000| Untracked 
|  67|0x0000000084300000, 0x0000000084400000, 0x0000000084400000|100%| O|  |TAMS 0x0000000084400000, 0x0000000084300000| Untracked 
|  68|0x0000000084400000, 0x0000000084500000, 0x0000000084500000|100%| O|  |TAMS 0x0000000084500000, 0x0000000084400000| Untracked 
|  69|0x0000000084500000, 0x0000000084600000, 0x0000000084600000|100%| O|  |TAMS 0x0000000084600000, 0x0000000084500000| Untracked 
|  70|0x0000000084600000, 0x0000000084700000, 0x0000000084700000|100%| O|  |TAMS 0x0000000084700000, 0x0000000084600000| Untracked 
|  71|0x0000000084700000, 0x0000000084700000, 0x0000000084800000|  0%| F|  |TAMS 0x0000000084700000, 0x0000000084700000| Untracked 
|  72|0x0000000084800000, 0x0000000084900000, 0x0000000084900000|100%| O|  |TAMS 0x0000000084900000, 0x0000000084800000| Untracked 
|  73|0x0000000084900000, 0x0000000084a00000, 0x0000000084a00000|100%| O|  |TAMS 0x0000000084a00000, 0x0000000084900000| Untracked 
|  74|0x0000000084a00000, 0x0000000084b00000, 0x0000000084b00000|100%| O|  |TAMS 0x0000000084b00000, 0x0000000084a00000| Complete 
|  75|0x0000000084b00000, 0x0000000084c00000, 0x0000000084c00000|100%| O|  |TAMS 0x0000000084c00000, 0x0000000084b00000| Complete 
|  76|0x0000000084c00000, 0x0000000084d00000, 0x0000000084d00000|100%| O|  |TAMS 0x0000000084d00000, 0x0000000084c00000| Untracked 
|  77|0x0000000084d00000, 0x0000000084e00000, 0x0000000084e00000|100%| O|  |TAMS 0x0000000084e00000, 0x0000000084d00000| Complete 
|  78|0x0000000084e00000, 0x0000000084f00000, 0x0000000084f00000|100%| O|  |TAMS 0x0000000084f00000, 0x0000000084e00000| Untracked 
|  79|0x0000000084f00000, 0x0000000085000000, 0x0000000085000000|100%| O|  |TAMS 0x0000000085000000, 0x0000000084f00000| Untracked 
|  80|0x0000000085000000, 0x0000000085100000, 0x0000000085100000|100%| O|  |TAMS 0x0000000085100000, 0x0000000085000000| Untracked 
|  81|0x0000000085100000, 0x0000000085200000, 0x0000000085200000|100%| O|  |TAMS 0x0000000085200000, 0x0000000085100000| Complete 
|  82|0x0000000085200000, 0x0000000085300000, 0x0000000085300000|100%| O|  |TAMS 0x0000000085300000, 0x0000000085200000| Complete 
|  83|0x0000000085300000, 0x0000000085300000, 0x0000000085400000|  0%| F|  |TAMS 0x0000000085300000, 0x0000000085300000| Untracked 
|  84|0x0000000085400000, 0x0000000085500000, 0x0000000085500000|100%| O|  |TAMS 0x0000000085500000, 0x0000000085400000| Complete 
|  85|0x0000000085500000, 0x0000000085600000, 0x0000000085600000|100%| O|  |TAMS 0x0000000085600000, 0x0000000085500000| Complete 
|  86|0x0000000085600000, 0x0000000085700000, 0x0000000085700000|100%| O|  |TAMS 0x0000000085700000, 0x0000000085600000| Complete 
|  87|0x0000000085700000, 0x0000000085800000, 0x0000000085800000|100%| O|  |TAMS 0x0000000085800000, 0x0000000085700000| Untracked 
|  88|0x0000000085800000, 0x0000000085900000, 0x0000000085900000|100%|HS|  |TAMS 0x0000000085900000, 0x0000000085800000| Complete 
|  89|0x0000000085900000, 0x0000000085a00000, 0x0000000085a00000|100%|HC|  |TAMS 0x0000000085a00000, 0x0000000085900000| Complete 
|  90|0x0000000085a00000, 0x0000000085b00000, 0x0000000085b00000|100%|HC|  |TAMS 0x0000000085b00000, 0x0000000085a00000| Complete 
|  91|0x0000000085b00000, 0x0000000085c00000, 0x0000000085c00000|100%|HC|  |TAMS 0x0000000085c00000, 0x0000000085b00000| Complete 
|  92|0x0000000085c00000, 0x0000000085d00000, 0x0000000085d00000|100%|HC|  |TAMS 0x0000000085d00000, 0x0000000085c00000| Complete 
|  93|0x0000000085d00000, 0x0000000085e00000, 0x0000000085e00000|100%| O|  |TAMS 0x0000000085e00000, 0x0000000085d00000| Untracked 
|  94|0x0000000085e00000, 0x0000000085f00000, 0x0000000085f00000|100%| O|  |TAMS 0x0000000085f00000, 0x0000000085e00000| Untracked 
|  95|0x0000000085f00000, 0x0000000086000000, 0x0000000086000000|100%| O|  |TAMS 0x0000000086000000, 0x0000000085f00000| Complete 
|  96|0x0000000086000000, 0x0000000086100000, 0x0000000086100000|100%| O|  |TAMS 0x0000000086100000, 0x0000000086000000| Untracked 
|  97|0x0000000086100000, 0x0000000086200000, 0x0000000086200000|100%| O|  |TAMS 0x0000000086200000, 0x0000000086100000| Complete 
|  98|0x0000000086200000, 0x0000000086300000, 0x0000000086300000|100%| O|  |TAMS 0x0000000086300000, 0x0000000086200000| Untracked 
|  99|0x0000000086300000, 0x0000000086400000, 0x0000000086400000|100%| O|  |TAMS 0x0000000086400000, 0x0000000086300000| Complete 
| 100|0x0000000086400000, 0x0000000086500000, 0x0000000086500000|100%| O|  |TAMS 0x0000000086500000, 0x0000000086400000| Complete 
| 101|0x0000000086500000, 0x0000000086600000, 0x0000000086600000|100%| O|  |TAMS 0x0000000086600000, 0x0000000086500000| Complete 
| 102|0x0000000086600000, 0x0000000086700000, 0x0000000086700000|100%| O|  |TAMS 0x0000000086700000, 0x0000000086600000| Complete 
| 103|0x0000000086700000, 0x0000000086800000, 0x0000000086800000|100%| O|  |TAMS 0x0000000086800000, 0x0000000086700000| Complete 
| 104|0x0000000086800000, 0x0000000086900000, 0x0000000086900000|100%| O|  |TAMS 0x0000000086900000, 0x0000000086800000| Complete 
| 105|0x0000000086900000, 0x0000000086a00000, 0x0000000086a00000|100%| O|  |TAMS 0x0000000086a00000, 0x0000000086900000| Complete 
| 106|0x0000000086a00000, 0x0000000086b00000, 0x0000000086b00000|100%| O|  |TAMS 0x0000000086b00000, 0x0000000086a00000| Complete 
| 107|0x0000000086b00000, 0x0000000086c00000, 0x0000000086c00000|100%| O|  |TAMS 0x0000000086c00000, 0x0000000086b00000| Complete 
| 108|0x0000000086c00000, 0x0000000086d00000, 0x0000000086d00000|100%| O|  |TAMS 0x0000000086d00000, 0x0000000086c00000| Complete 
| 109|0x0000000086d00000, 0x0000000086d00000, 0x0000000086e00000|  0%| F|  |TAMS 0x0000000086d00000, 0x0000000086d00000| Untracked 
| 110|0x0000000086e00000, 0x0000000086f00000, 0x0000000086f00000|100%| O|  |TAMS 0x0000000086f00000, 0x0000000086e00000| Untracked 
| 111|0x0000000086f00000, 0x0000000087000000, 0x0000000087000000|100%| O|  |TAMS 0x0000000087000000, 0x0000000086f00000| Untracked 
| 112|0x0000000087000000, 0x0000000087100000, 0x0000000087100000|100%| O|  |TAMS 0x0000000087100000, 0x0000000087000000| Untracked 
| 113|0x0000000087100000, 0x0000000087200000, 0x0000000087200000|100%| O|  |TAMS 0x0000000087200000, 0x0000000087100000| Untracked 
| 114|0x0000000087200000, 0x0000000087300000, 0x0000000087300000|100%|HS|  |TAMS 0x0000000087300000, 0x0000000087200000| Complete 
| 115|0x0000000087300000, 0x0000000087400000, 0x0000000087400000|100%|HC|  |TAMS 0x0000000087400000, 0x0000000087300000| Complete 
| 116|0x0000000087400000, 0x0000000087500000, 0x0000000087500000|100%|HS|  |TAMS 0x0000000087500000, 0x0000000087400000| Complete 
| 117|0x0000000087500000, 0x0000000087600000, 0x0000000087600000|100%|HC|  |TAMS 0x0000000087600000, 0x0000000087500000| Complete 
| 118|0x0000000087600000, 0x0000000087700000, 0x0000000087700000|100%|HC|  |TAMS 0x0000000087700000, 0x0000000087600000| Complete 
| 119|0x0000000087700000, 0x0000000087800000, 0x0000000087800000|100%| O|  |TAMS 0x0000000087800000, 0x0000000087700000| Untracked 
| 120|0x0000000087800000, 0x0000000087900000, 0x0000000087900000|100%| O|  |TAMS 0x0000000087900000, 0x0000000087800000| Untracked 
| 121|0x0000000087900000, 0x0000000087a00000, 0x0000000087a00000|100%|HS|  |TAMS 0x0000000087a00000, 0x0000000087900000| Complete 
| 122|0x0000000087a00000, 0x0000000087b00000, 0x0000000087b00000|100%|HC|  |TAMS 0x0000000087b00000, 0x0000000087a00000| Complete 
| 123|0x0000000087b00000, 0x0000000087b00000, 0x0000000087c00000|  0%| F|  |TAMS 0x0000000087b00000, 0x0000000087b00000| Untracked 
| 124|0x0000000087c00000, 0x0000000087d00000, 0x0000000087d00000|100%| O|  |TAMS 0x0000000087d00000, 0x0000000087c00000| Complete 
| 125|0x0000000087d00000, 0x0000000087e00000, 0x0000000087e00000|100%| O|  |TAMS 0x0000000087e00000, 0x0000000087d00000| Complete 
| 126|0x0000000087e00000, 0x0000000087f00000, 0x0000000087f00000|100%| O|  |TAMS 0x0000000087f00000, 0x0000000087e00000| Complete 
| 127|0x0000000087f00000, 0x0000000088000000, 0x0000000088000000|100%|HS|  |TAMS 0x0000000087f00000, 0x0000000087f00000| Complete 
| 128|0x0000000088000000, 0x0000000088100000, 0x0000000088100000|100%| O|  |TAMS 0x0000000088100000, 0x0000000088000000| Complete 
| 129|0x0000000088100000, 0x0000000088200000, 0x0000000088200000|100%|HS|  |TAMS 0x0000000088100000, 0x0000000088100000| Complete 
| 130|0x0000000088200000, 0x0000000088300000, 0x0000000088300000|100%| O|  |TAMS 0x0000000088300000, 0x0000000088200000| Complete 
| 131|0x0000000088300000, 0x0000000088400000, 0x0000000088400000|100%| O|  |TAMS 0x0000000088400000, 0x0000000088300000| Complete 
| 132|0x0000000088400000, 0x0000000088400000, 0x0000000088500000|  0%| F|  |TAMS 0x0000000088400000, 0x0000000088400000| Untracked 
| 133|0x0000000088500000, 0x0000000088600000, 0x0000000088600000|100%| O|  |TAMS 0x0000000088600000, 0x0000000088500000| Complete 
| 134|0x0000000088600000, 0x0000000088700000, 0x0000000088700000|100%| O|  |TAMS 0x0000000088700000, 0x0000000088600000| Complete 
| 135|0x0000000088700000, 0x0000000088700000, 0x0000000088800000|  0%| F|  |TAMS 0x0000000088700000, 0x0000000088700000| Untracked 
| 136|0x0000000088800000, 0x0000000088900000, 0x0000000088900000|100%| O|  |TAMS 0x0000000088900000, 0x0000000088800000| Complete 
| 137|0x0000000088900000, 0x0000000088a00000, 0x0000000088a00000|100%| O|  |TAMS 0x0000000088a00000, 0x0000000088900000| Complete 
| 138|0x0000000088a00000, 0x0000000088b00000, 0x0000000088b00000|100%| O|  |TAMS 0x0000000088b00000, 0x0000000088a00000| Complete 
| 139|0x0000000088b00000, 0x0000000088c00000, 0x0000000088c00000|100%| O|  |TAMS 0x0000000088c00000, 0x0000000088b00000| Complete 
| 140|0x0000000088c00000, 0x0000000088d00000, 0x0000000088d00000|100%| O|  |TAMS 0x0000000088d00000, 0x0000000088c00000| Complete 
| 141|0x0000000088d00000, 0x0000000088d00000, 0x0000000088e00000|  0%| F|  |TAMS 0x0000000088d00000, 0x0000000088d00000| Untracked 
| 142|0x0000000088e00000, 0x0000000088f00000, 0x0000000088f00000|100%| O|  |TAMS 0x0000000088f00000, 0x0000000088e00000| Complete 
| 143|0x0000000088f00000, 0x0000000089000000, 0x0000000089000000|100%| O|  |TAMS 0x0000000089000000, 0x0000000088f00000| Complete 
| 144|0x0000000089000000, 0x0000000089100000, 0x0000000089100000|100%| O|  |TAMS 0x0000000089100000, 0x0000000089000000| Complete 
| 145|0x0000000089100000, 0x0000000089200000, 0x0000000089200000|100%| O|  |TAMS 0x0000000089200000, 0x0000000089100000| Complete 
| 146|0x0000000089200000, 0x0000000089300000, 0x0000000089300000|100%| O|  |TAMS 0x0000000089300000, 0x0000000089200000| Complete 
| 147|0x0000000089300000, 0x0000000089400000, 0x0000000089400000|100%| O|  |TAMS 0x0000000089400000, 0x0000000089300000| Complete 
| 148|0x0000000089400000, 0x0000000089500000, 0x0000000089500000|100%| O|  |TAMS 0x0000000089500000, 0x0000000089400000| Complete 
| 149|0x0000000089500000, 0x0000000089600000, 0x0000000089600000|100%| O|  |TAMS 0x0000000089600000, 0x0000000089500000| Complete 
| 150|0x0000000089600000, 0x0000000089600000, 0x0000000089700000|  0%| F|  |TAMS 0x0000000089600000, 0x0000000089600000| Untracked 
| 151|0x0000000089700000, 0x0000000089700000, 0x0000000089800000|  0%| F|  |TAMS 0x0000000089700000, 0x0000000089700000| Untracked 
| 152|0x0000000089800000, 0x0000000089900000, 0x0000000089900000|100%|HS|  |TAMS 0x0000000089900000, 0x0000000089800000| Complete 
| 153|0x0000000089900000, 0x0000000089a00000, 0x0000000089a00000|100%|HC|  |TAMS 0x0000000089a00000, 0x0000000089900000| Complete 
| 154|0x0000000089a00000, 0x0000000089b00000, 0x0000000089b00000|100%|HC|  |TAMS 0x0000000089b00000, 0x0000000089a00000| Complete 
| 155|0x0000000089b00000, 0x0000000089c00000, 0x0000000089c00000|100%|HC|  |TAMS 0x0000000089c00000, 0x0000000089b00000| Complete 
| 156|0x0000000089c00000, 0x0000000089d00000, 0x0000000089d00000|100%|HC|  |TAMS 0x0000000089d00000, 0x0000000089c00000| Complete 
| 157|0x0000000089d00000, 0x0000000089dac600, 0x0000000089e00000| 67%| O|  |TAMS 0x0000000089dac600, 0x0000000089d00000| Untracked 
| 158|0x0000000089e00000, 0x0000000089f00000, 0x0000000089f00000|100%| O|  |TAMS 0x0000000089f00000, 0x0000000089e00000| Complete 
| 159|0x0000000089f00000, 0x0000000089f00000, 0x000000008a000000|  0%| F|  |TAMS 0x0000000089f00000, 0x0000000089f00000| Untracked 
| 160|0x000000008a000000, 0x000000008a000000, 0x000000008a100000|  0%| F|  |TAMS 0x000000008a000000, 0x000000008a000000| Untracked 
| 161|0x000000008a100000, 0x000000008a100000, 0x000000008a200000|  0%| F|  |TAMS 0x000000008a100000, 0x000000008a100000| Untracked 
| 162|0x000000008a200000, 0x000000008a200000, 0x000000008a300000|  0%| F|  |TAMS 0x000000008a200000, 0x000000008a200000| Untracked 
| 163|0x000000008a300000, 0x000000008a300000, 0x000000008a400000|  0%| F|  |TAMS 0x000000008a300000, 0x000000008a300000| Untracked 
| 164|0x000000008a400000, 0x000000008a500000, 0x000000008a500000|100%| O|  |TAMS 0x000000008a500000, 0x000000008a400000| Complete 
| 165|0x000000008a500000, 0x000000008a500000, 0x000000008a600000|  0%| F|  |TAMS 0x000000008a500000, 0x000000008a500000| Untracked 
| 166|0x000000008a600000, 0x000000008a600000, 0x000000008a700000|  0%| F|  |TAMS 0x000000008a600000, 0x000000008a600000| Untracked 
| 167|0x000000008a700000, 0x000000008a700000, 0x000000008a800000|  0%| F|  |TAMS 0x000000008a700000, 0x000000008a700000| Untracked 
| 168|0x000000008a800000, 0x000000008a800000, 0x000000008a900000|  0%| F|  |TAMS 0x000000008a800000, 0x000000008a800000| Untracked 
| 169|0x000000008a900000, 0x000000008a900000, 0x000000008aa00000|  0%| F|  |TAMS 0x000000008a900000, 0x000000008a900000| Untracked 
| 170|0x000000008aa00000, 0x000000008aa00000, 0x000000008ab00000|  0%| F|  |TAMS 0x000000008aa00000, 0x000000008aa00000| Untracked 
| 171|0x000000008ab00000, 0x000000008ab00000, 0x000000008ac00000|  0%| F|  |TAMS 0x000000008ab00000, 0x000000008ab00000| Untracked 
| 172|0x000000008ac00000, 0x000000008ac00000, 0x000000008ad00000|  0%| F|  |TAMS 0x000000008ac00000, 0x000000008ac00000| Untracked 
| 173|0x000000008ad00000, 0x000000008ad00000, 0x000000008ae00000|  0%| F|  |TAMS 0x000000008ad00000, 0x000000008ad00000| Untracked 
| 174|0x000000008ae00000, 0x000000008ae00000, 0x000000008af00000|  0%| F|  |TAMS 0x000000008ae00000, 0x000000008ae00000| Untracked 
| 175|0x000000008af00000, 0x000000008af00000, 0x000000008b000000|  0%| F|  |TAMS 0x000000008af00000, 0x000000008af00000| Untracked 
| 176|0x000000008b000000, 0x000000008b000000, 0x000000008b100000|  0%| F|  |TAMS 0x000000008b000000, 0x000000008b000000| Untracked 
| 177|0x000000008b100000, 0x000000008b100000, 0x000000008b200000|  0%| F|  |TAMS 0x000000008b100000, 0x000000008b100000| Untracked 
| 178|0x000000008b200000, 0x000000008b200000, 0x000000008b300000|  0%| F|  |TAMS 0x000000008b200000, 0x000000008b200000| Untracked 
| 179|0x000000008b300000, 0x000000008b300000, 0x000000008b400000|  0%| F|  |TAMS 0x000000008b300000, 0x000000008b300000| Untracked 
| 180|0x000000008b400000, 0x000000008b400000, 0x000000008b500000|  0%| F|  |TAMS 0x000000008b400000, 0x000000008b400000| Untracked 
| 181|0x000000008b500000, 0x000000008b500000, 0x000000008b600000|  0%| F|  |TAMS 0x000000008b500000, 0x000000008b500000| Untracked 
| 182|0x000000008b600000, 0x000000008b600000, 0x000000008b700000|  0%| F|  |TAMS 0x000000008b600000, 0x000000008b600000| Untracked 
| 183|0x000000008b700000, 0x000000008b700000, 0x000000008b800000|  0%| F|  |TAMS 0x000000008b700000, 0x000000008b700000| Untracked 
| 184|0x000000008b800000, 0x000000008b800000, 0x000000008b900000|  0%| F|  |TAMS 0x000000008b800000, 0x000000008b800000| Untracked 
| 185|0x000000008b900000, 0x000000008b900000, 0x000000008ba00000|  0%| F|  |TAMS 0x000000008b900000, 0x000000008b900000| Untracked 
| 186|0x000000008ba00000, 0x000000008ba00000, 0x000000008bb00000|  0%| F|  |TAMS 0x000000008ba00000, 0x000000008ba00000| Untracked 
| 187|0x000000008bb00000, 0x000000008bb00000, 0x000000008bc00000|  0%| F|  |TAMS 0x000000008bb00000, 0x000000008bb00000| Untracked 
| 188|0x000000008bc00000, 0x000000008bc00000, 0x000000008bd00000|  0%| F|  |TAMS 0x000000008bc00000, 0x000000008bc00000| Untracked 
| 189|0x000000008bd00000, 0x000000008bd00000, 0x000000008be00000|  0%| F|  |TAMS 0x000000008bd00000, 0x000000008bd00000| Untracked 
| 190|0x000000008be00000, 0x000000008be00000, 0x000000008bf00000|  0%| F|  |TAMS 0x000000008be00000, 0x000000008be00000| Untracked 
| 191|0x000000008bf00000, 0x000000008bf00000, 0x000000008c000000|  0%| F|  |TAMS 0x000000008bf00000, 0x000000008bf00000| Untracked 
| 192|0x000000008c000000, 0x000000008c000000, 0x000000008c100000|  0%| F|  |TAMS 0x000000008c000000, 0x000000008c000000| Untracked 
| 193|0x000000008c100000, 0x000000008c100000, 0x000000008c200000|  0%| F|  |TAMS 0x000000008c100000, 0x000000008c100000| Untracked 
| 194|0x000000008c200000, 0x000000008c200000, 0x000000008c300000|  0%| F|  |TAMS 0x000000008c200000, 0x000000008c200000| Untracked 
| 195|0x000000008c300000, 0x000000008c300000, 0x000000008c400000|  0%| F|  |TAMS 0x000000008c300000, 0x000000008c300000| Untracked 
| 196|0x000000008c400000, 0x000000008c400000, 0x000000008c500000|  0%| F|  |TAMS 0x000000008c400000, 0x000000008c400000| Untracked 
| 197|0x000000008c500000, 0x000000008c500000, 0x000000008c600000|  0%| F|  |TAMS 0x000000008c500000, 0x000000008c500000| Untracked 
| 198|0x000000008c600000, 0x000000008c600000, 0x000000008c700000|  0%| F|  |TAMS 0x000000008c600000, 0x000000008c600000| Untracked 
| 199|0x000000008c700000, 0x000000008c700000, 0x000000008c800000|  0%| F|  |TAMS 0x000000008c700000, 0x000000008c700000| Untracked 
| 200|0x000000008c800000, 0x000000008c800000, 0x000000008c900000|  0%| F|  |TAMS 0x000000008c800000, 0x000000008c800000| Untracked 
| 201|0x000000008c900000, 0x000000008c900000, 0x000000008ca00000|  0%| F|  |TAMS 0x000000008c900000, 0x000000008c900000| Untracked 
| 202|0x000000008ca00000, 0x000000008ca00000, 0x000000008cb00000|  0%| F|  |TAMS 0x000000008ca00000, 0x000000008ca00000| Untracked 
| 203|0x000000008cb00000, 0x000000008cb00000, 0x000000008cc00000|  0%| F|  |TAMS 0x000000008cb00000, 0x000000008cb00000| Untracked 
| 204|0x000000008cc00000, 0x000000008cc00000, 0x000000008cd00000|  0%| F|  |TAMS 0x000000008cc00000, 0x000000008cc00000| Untracked 
| 205|0x000000008cd00000, 0x000000008cd00000, 0x000000008ce00000|  0%| F|  |TAMS 0x000000008cd00000, 0x000000008cd00000| Untracked 
| 206|0x000000008ce00000, 0x000000008ce00000, 0x000000008cf00000|  0%| F|  |TAMS 0x000000008ce00000, 0x000000008ce00000| Untracked 
| 207|0x000000008cf00000, 0x000000008cf00000, 0x000000008d000000|  0%| F|  |TAMS 0x000000008cf00000, 0x000000008cf00000| Untracked 
| 208|0x000000008d000000, 0x000000008d000000, 0x000000008d100000|  0%| F|  |TAMS 0x000000008d000000, 0x000000008d000000| Untracked 
| 209|0x000000008d100000, 0x000000008d100000, 0x000000008d200000|  0%| F|  |TAMS 0x000000008d100000, 0x000000008d100000| Untracked 
| 210|0x000000008d200000, 0x000000008d200000, 0x000000008d300000|  0%| F|  |TAMS 0x000000008d200000, 0x000000008d200000| Untracked 
| 211|0x000000008d300000, 0x000000008d300000, 0x000000008d400000|  0%| F|  |TAMS 0x000000008d300000, 0x000000008d300000| Untracked 
| 212|0x000000008d400000, 0x000000008d400000, 0x000000008d500000|  0%| F|  |TAMS 0x000000008d400000, 0x000000008d400000| Untracked 
| 213|0x000000008d500000, 0x000000008d500000, 0x000000008d600000|  0%| F|  |TAMS 0x000000008d500000, 0x000000008d500000| Untracked 
| 214|0x000000008d600000, 0x000000008d600000, 0x000000008d700000|  0%| F|  |TAMS 0x000000008d600000, 0x000000008d600000| Untracked 
| 215|0x000000008d700000, 0x000000008d700000, 0x000000008d800000|  0%| F|  |TAMS 0x000000008d700000, 0x000000008d700000| Untracked 
| 216|0x000000008d800000, 0x000000008d800000, 0x000000008d900000|  0%| F|  |TAMS 0x000000008d800000, 0x000000008d800000| Untracked 
| 217|0x000000008d900000, 0x000000008d900000, 0x000000008da00000|  0%| F|  |TAMS 0x000000008d900000, 0x000000008d900000| Untracked 
| 218|0x000000008da00000, 0x000000008da00000, 0x000000008db00000|  0%| F|  |TAMS 0x000000008da00000, 0x000000008da00000| Untracked 
| 219|0x000000008db00000, 0x000000008db00000, 0x000000008dc00000|  0%| F|  |TAMS 0x000000008db00000, 0x000000008db00000| Untracked 
| 220|0x000000008dc00000, 0x000000008dc00000, 0x000000008dd00000|  0%| F|  |TAMS 0x000000008dc00000, 0x000000008dc00000| Untracked 
| 221|0x000000008dd00000, 0x000000008dd00000, 0x000000008de00000|  0%| F|  |TAMS 0x000000008dd00000, 0x000000008dd00000| Untracked 
| 222|0x000000008de00000, 0x000000008de00000, 0x000000008df00000|  0%| F|  |TAMS 0x000000008de00000, 0x000000008de00000| Untracked 
| 223|0x000000008df00000, 0x000000008df00000, 0x000000008e000000|  0%| F|  |TAMS 0x000000008df00000, 0x000000008df00000| Untracked 
| 224|0x000000008e000000, 0x000000008e000000, 0x000000008e100000|  0%| F|  |TAMS 0x000000008e000000, 0x000000008e000000| Untracked 
| 225|0x000000008e100000, 0x000000008e100000, 0x000000008e200000|  0%| F|  |TAMS 0x000000008e100000, 0x000000008e100000| Untracked 
| 226|0x000000008e200000, 0x000000008e200000, 0x000000008e300000|  0%| F|  |TAMS 0x000000008e200000, 0x000000008e200000| Untracked 
| 227|0x000000008e300000, 0x000000008e300000, 0x000000008e400000|  0%| F|  |TAMS 0x000000008e300000, 0x000000008e300000| Untracked 
| 228|0x000000008e400000, 0x000000008e400000, 0x000000008e500000|  0%| F|  |TAMS 0x000000008e400000, 0x000000008e400000| Untracked 
| 229|0x000000008e500000, 0x000000008e500000, 0x000000008e600000|  0%| F|  |TAMS 0x000000008e500000, 0x000000008e500000| Untracked 
| 230|0x000000008e600000, 0x000000008e600000, 0x000000008e700000|  0%| F|  |TAMS 0x000000008e600000, 0x000000008e600000| Untracked 
| 231|0x000000008e700000, 0x000000008e700000, 0x000000008e800000|  0%| F|  |TAMS 0x000000008e700000, 0x000000008e700000| Untracked 
| 232|0x000000008e800000, 0x000000008e800000, 0x000000008e900000|  0%| F|  |TAMS 0x000000008e800000, 0x000000008e800000| Untracked 
| 233|0x000000008e900000, 0x000000008e900000, 0x000000008ea00000|  0%| F|  |TAMS 0x000000008e900000, 0x000000008e900000| Untracked 
| 234|0x000000008ea00000, 0x000000008ea00000, 0x000000008eb00000|  0%| F|  |TAMS 0x000000008ea00000, 0x000000008ea00000| Untracked 
| 235|0x000000008eb00000, 0x000000008eb00000, 0x000000008ec00000|  0%| F|  |TAMS 0x000000008eb00000, 0x000000008eb00000| Untracked 
| 236|0x000000008ec00000, 0x000000008ec00000, 0x000000008ed00000|  0%| F|  |TAMS 0x000000008ec00000, 0x000000008ec00000| Untracked 
| 237|0x000000008ed00000, 0x000000008ed00000, 0x000000008ee00000|  0%| F|  |TAMS 0x000000008ed00000, 0x000000008ed00000| Untracked 
| 238|0x000000008ee00000, 0x000000008ee00000, 0x000000008ef00000|  0%| F|  |TAMS 0x000000008ee00000, 0x000000008ee00000| Untracked 
| 239|0x000000008ef00000, 0x000000008ef00000, 0x000000008f000000|  0%| F|  |TAMS 0x000000008ef00000, 0x000000008ef00000| Untracked 
| 240|0x000000008f000000, 0x000000008f000000, 0x000000008f100000|  0%| F|  |TAMS 0x000000008f000000, 0x000000008f000000| Untracked 
| 241|0x000000008f100000, 0x000000008f100000, 0x000000008f200000|  0%| F|  |TAMS 0x000000008f100000, 0x000000008f100000| Untracked 
| 242|0x000000008f200000, 0x000000008f200000, 0x000000008f300000|  0%| F|  |TAMS 0x000000008f200000, 0x000000008f200000| Untracked 
| 243|0x000000008f300000, 0x000000008f300000, 0x000000008f400000|  0%| F|  |TAMS 0x000000008f300000, 0x000000008f300000| Untracked 
| 244|0x000000008f400000, 0x000000008f400000, 0x000000008f500000|  0%| F|  |TAMS 0x000000008f400000, 0x000000008f400000| Untracked 
| 245|0x000000008f500000, 0x000000008f500000, 0x000000008f600000|  0%| F|  |TAMS 0x000000008f500000, 0x000000008f500000| Untracked 
| 246|0x000000008f600000, 0x000000008f600000, 0x000000008f700000|  0%| F|  |TAMS 0x000000008f600000, 0x000000008f600000| Untracked 
| 247|0x000000008f700000, 0x000000008f700000, 0x000000008f800000|  0%| F|  |TAMS 0x000000008f700000, 0x000000008f700000| Untracked 
| 248|0x000000008f800000, 0x000000008f800000, 0x000000008f900000|  0%| F|  |TAMS 0x000000008f800000, 0x000000008f800000| Untracked 
| 249|0x000000008f900000, 0x000000008f900000, 0x000000008fa00000|  0%| F|  |TAMS 0x000000008f900000, 0x000000008f900000| Untracked 
| 250|0x000000008fa00000, 0x000000008fa00000, 0x000000008fb00000|  0%| F|  |TAMS 0x000000008fa00000, 0x000000008fa00000| Untracked 
| 251|0x000000008fb00000, 0x000000008fb00000, 0x000000008fc00000|  0%| F|  |TAMS 0x000000008fb00000, 0x000000008fb00000| Untracked 
| 252|0x000000008fc00000, 0x000000008fc00000, 0x000000008fd00000|  0%| F|  |TAMS 0x000000008fc00000, 0x000000008fc00000| Untracked 
| 253|0x000000008fd00000, 0x000000008fd00000, 0x000000008fe00000|  0%| F|  |TAMS 0x000000008fd00000, 0x000000008fd00000| Untracked 
| 254|0x000000008fe00000, 0x000000008fe00000, 0x000000008ff00000|  0%| F|  |TAMS 0x000000008fe00000, 0x000000008fe00000| Untracked 
| 255|0x000000008ff00000, 0x000000008ff00000, 0x0000000090000000|  0%| F|  |TAMS 0x000000008ff00000, 0x000000008ff00000| Untracked 
| 256|0x0000000090000000, 0x0000000090000000, 0x0000000090100000|  0%| F|  |TAMS 0x0000000090000000, 0x0000000090000000| Untracked 
| 257|0x0000000090100000, 0x0000000090100000, 0x0000000090200000|  0%| F|  |TAMS 0x0000000090100000, 0x0000000090100000| Untracked 
| 258|0x0000000090200000, 0x0000000090200000, 0x0000000090300000|  0%| F|  |TAMS 0x0000000090200000, 0x0000000090200000| Untracked 
| 259|0x0000000090300000, 0x0000000090300000, 0x0000000090400000|  0%| F|  |TAMS 0x0000000090300000, 0x0000000090300000| Untracked 
| 260|0x0000000090400000, 0x0000000090400000, 0x0000000090500000|  0%| F|  |TAMS 0x0000000090400000, 0x0000000090400000| Untracked 
| 261|0x0000000090500000, 0x0000000090500000, 0x0000000090600000|  0%| F|  |TAMS 0x0000000090500000, 0x0000000090500000| Untracked 
| 262|0x0000000090600000, 0x0000000090600000, 0x0000000090700000|  0%| F|  |TAMS 0x0000000090600000, 0x0000000090600000| Untracked 
| 263|0x0000000090700000, 0x0000000090700000, 0x0000000090800000|  0%| F|  |TAMS 0x0000000090700000, 0x0000000090700000| Untracked 
| 264|0x0000000090800000, 0x0000000090800000, 0x0000000090900000|  0%| F|  |TAMS 0x0000000090800000, 0x0000000090800000| Untracked 
| 265|0x0000000090900000, 0x0000000090900000, 0x0000000090a00000|  0%| F|  |TAMS 0x0000000090900000, 0x0000000090900000| Untracked 
| 266|0x0000000090a00000, 0x0000000090a00000, 0x0000000090b00000|  0%| F|  |TAMS 0x0000000090a00000, 0x0000000090a00000| Untracked 
| 267|0x0000000090b00000, 0x0000000090b00000, 0x0000000090c00000|  0%| F|  |TAMS 0x0000000090b00000, 0x0000000090b00000| Untracked 
| 268|0x0000000090c00000, 0x0000000090c00000, 0x0000000090d00000|  0%| F|  |TAMS 0x0000000090c00000, 0x0000000090c00000| Untracked 
| 269|0x0000000090d00000, 0x0000000090d00000, 0x0000000090e00000|  0%| F|  |TAMS 0x0000000090d00000, 0x0000000090d00000| Untracked 
| 270|0x0000000090e00000, 0x0000000090e00000, 0x0000000090f00000|  0%| F|  |TAMS 0x0000000090e00000, 0x0000000090e00000| Untracked 
| 271|0x0000000090f00000, 0x0000000090f00000, 0x0000000091000000|  0%| F|  |TAMS 0x0000000090f00000, 0x0000000090f00000| Untracked 
| 272|0x0000000091000000, 0x0000000091000000, 0x0000000091100000|  0%| F|  |TAMS 0x0000000091000000, 0x0000000091000000| Untracked 
| 273|0x0000000091100000, 0x0000000091100000, 0x0000000091200000|  0%| F|  |TAMS 0x0000000091100000, 0x0000000091100000| Untracked 
| 274|0x0000000091200000, 0x0000000091200000, 0x0000000091300000|  0%| F|  |TAMS 0x0000000091200000, 0x0000000091200000| Untracked 
| 275|0x0000000091300000, 0x0000000091300000, 0x0000000091400000|  0%| F|  |TAMS 0x0000000091300000, 0x0000000091300000| Untracked 
| 276|0x0000000091400000, 0x0000000091400000, 0x0000000091500000|  0%| F|  |TAMS 0x0000000091400000, 0x0000000091400000| Untracked 
| 277|0x0000000091500000, 0x0000000091500000, 0x0000000091600000|  0%| F|  |TAMS 0x0000000091500000, 0x0000000091500000| Untracked 
| 278|0x0000000091600000, 0x0000000091600000, 0x0000000091700000|  0%| F|  |TAMS 0x0000000091600000, 0x0000000091600000| Untracked 
| 279|0x0000000091700000, 0x0000000091700000, 0x0000000091800000|  0%| F|  |TAMS 0x0000000091700000, 0x0000000091700000| Untracked 
| 280|0x0000000091800000, 0x0000000091800000, 0x0000000091900000|  0%| F|  |TAMS 0x0000000091800000, 0x0000000091800000| Untracked 
| 281|0x0000000091900000, 0x0000000091900000, 0x0000000091a00000|  0%| F|  |TAMS 0x0000000091900000, 0x0000000091900000| Untracked 
| 282|0x0000000091a00000, 0x0000000091a00000, 0x0000000091b00000|  0%| F|  |TAMS 0x0000000091a00000, 0x0000000091a00000| Untracked 
| 283|0x0000000091b00000, 0x0000000091b00000, 0x0000000091c00000|  0%| F|  |TAMS 0x0000000091b00000, 0x0000000091b00000| Untracked 
| 284|0x0000000091c00000, 0x0000000091c00000, 0x0000000091d00000|  0%| F|  |TAMS 0x0000000091c00000, 0x0000000091c00000| Untracked 
| 285|0x0000000091d00000, 0x0000000091d00000, 0x0000000091e00000|  0%| F|  |TAMS 0x0000000091d00000, 0x0000000091d00000| Untracked 
| 286|0x0000000091e00000, 0x0000000091e00000, 0x0000000091f00000|  0%| F|  |TAMS 0x0000000091e00000, 0x0000000091e00000| Untracked 
| 287|0x0000000091f00000, 0x0000000091f00000, 0x0000000092000000|  0%| F|  |TAMS 0x0000000091f00000, 0x0000000091f00000| Untracked 
| 288|0x0000000092000000, 0x0000000092000000, 0x0000000092100000|  0%| F|  |TAMS 0x0000000092000000, 0x0000000092000000| Untracked 
| 289|0x0000000092100000, 0x0000000092100000, 0x0000000092200000|  0%| F|  |TAMS 0x0000000092100000, 0x0000000092100000| Untracked 
| 290|0x0000000092200000, 0x0000000092200000, 0x0000000092300000|  0%| F|  |TAMS 0x0000000092200000, 0x0000000092200000| Untracked 
| 291|0x0000000092300000, 0x0000000092300000, 0x0000000092400000|  0%| F|  |TAMS 0x0000000092300000, 0x0000000092300000| Untracked 
| 292|0x0000000092400000, 0x0000000092400000, 0x0000000092500000|  0%| F|  |TAMS 0x0000000092400000, 0x0000000092400000| Untracked 
| 293|0x0000000092500000, 0x0000000092500000, 0x0000000092600000|  0%| F|  |TAMS 0x0000000092500000, 0x0000000092500000| Untracked 
| 294|0x0000000092600000, 0x0000000092600000, 0x0000000092700000|  0%| F|  |TAMS 0x0000000092600000, 0x0000000092600000| Untracked 
| 295|0x0000000092700000, 0x0000000092700000, 0x0000000092800000|  0%| F|  |TAMS 0x0000000092700000, 0x0000000092700000| Untracked 
| 296|0x0000000092800000, 0x0000000092800000, 0x0000000092900000|  0%| F|  |TAMS 0x0000000092800000, 0x0000000092800000| Untracked 
| 297|0x0000000092900000, 0x0000000092900000, 0x0000000092a00000|  0%| F|  |TAMS 0x0000000092900000, 0x0000000092900000| Untracked 
| 298|0x0000000092a00000, 0x0000000092a00000, 0x0000000092b00000|  0%| F|  |TAMS 0x0000000092a00000, 0x0000000092a00000| Untracked 
| 299|0x0000000092b00000, 0x0000000092b00000, 0x0000000092c00000|  0%| F|  |TAMS 0x0000000092b00000, 0x0000000092b00000| Untracked 
| 300|0x0000000092c00000, 0x0000000092c00000, 0x0000000092d00000|  0%| F|  |TAMS 0x0000000092c00000, 0x0000000092c00000| Untracked 
| 301|0x0000000092d00000, 0x0000000092d00000, 0x0000000092e00000|  0%| F|  |TAMS 0x0000000092d00000, 0x0000000092d00000| Untracked 
| 302|0x0000000092e00000, 0x0000000092e00000, 0x0000000092f00000|  0%| F|  |TAMS 0x0000000092e00000, 0x0000000092e00000| Untracked 
| 303|0x0000000092f00000, 0x0000000092f00000, 0x0000000093000000|  0%| F|  |TAMS 0x0000000092f00000, 0x0000000092f00000| Untracked 
| 304|0x0000000093000000, 0x0000000093000000, 0x0000000093100000|  0%| F|  |TAMS 0x0000000093000000, 0x0000000093000000| Untracked 
| 305|0x0000000093100000, 0x0000000093100000, 0x0000000093200000|  0%| F|  |TAMS 0x0000000093100000, 0x0000000093100000| Untracked 
| 306|0x0000000093200000, 0x0000000093200000, 0x0000000093300000|  0%| F|  |TAMS 0x0000000093200000, 0x0000000093200000| Untracked 
| 307|0x0000000093300000, 0x0000000093300000, 0x0000000093400000|  0%| F|  |TAMS 0x0000000093300000, 0x0000000093300000| Untracked 
| 308|0x0000000093400000, 0x0000000093400000, 0x0000000093500000|  0%| F|  |TAMS 0x0000000093400000, 0x0000000093400000| Untracked 
| 309|0x0000000093500000, 0x0000000093500000, 0x0000000093600000|  0%| F|  |TAMS 0x0000000093500000, 0x0000000093500000| Untracked 
| 310|0x0000000093600000, 0x0000000093600000, 0x0000000093700000|  0%| F|  |TAMS 0x0000000093600000, 0x0000000093600000| Untracked 
| 311|0x0000000093700000, 0x0000000093700000, 0x0000000093800000|  0%| F|  |TAMS 0x0000000093700000, 0x0000000093700000| Untracked 
| 312|0x0000000093800000, 0x0000000093800000, 0x0000000093900000|  0%| F|  |TAMS 0x0000000093800000, 0x0000000093800000| Untracked 
| 313|0x0000000093900000, 0x0000000093900000, 0x0000000093a00000|  0%| F|  |TAMS 0x0000000093900000, 0x0000000093900000| Untracked 
| 314|0x0000000093a00000, 0x0000000093a00000, 0x0000000093b00000|  0%| F|  |TAMS 0x0000000093a00000, 0x0000000093a00000| Untracked 
| 315|0x0000000093b00000, 0x0000000093b00000, 0x0000000093c00000|  0%| F|  |TAMS 0x0000000093b00000, 0x0000000093b00000| Untracked 
| 316|0x0000000093c00000, 0x0000000093c00000, 0x0000000093d00000|  0%| F|  |TAMS 0x0000000093c00000, 0x0000000093c00000| Untracked 
| 317|0x0000000093d00000, 0x0000000093d00000, 0x0000000093e00000|  0%| F|  |TAMS 0x0000000093d00000, 0x0000000093d00000| Untracked 
| 318|0x0000000093e00000, 0x0000000093e00000, 0x0000000093f00000|  0%| F|  |TAMS 0x0000000093e00000, 0x0000000093e00000| Untracked 
| 319|0x0000000093f00000, 0x0000000093f00000, 0x0000000094000000|  0%| F|  |TAMS 0x0000000093f00000, 0x0000000093f00000| Untracked 
| 320|0x0000000094000000, 0x0000000094000000, 0x0000000094100000|  0%| F|  |TAMS 0x0000000094000000, 0x0000000094000000| Untracked 
| 321|0x0000000094100000, 0x0000000094100000, 0x0000000094200000|  0%| F|  |TAMS 0x0000000094100000, 0x0000000094100000| Untracked 
| 322|0x0000000094200000, 0x0000000094200000, 0x0000000094300000|  0%| F|  |TAMS 0x0000000094200000, 0x0000000094200000| Untracked 
| 323|0x0000000094300000, 0x0000000094300000, 0x0000000094400000|  0%| F|  |TAMS 0x0000000094300000, 0x0000000094300000| Untracked 
| 324|0x0000000094400000, 0x0000000094400000, 0x0000000094500000|  0%| F|  |TAMS 0x0000000094400000, 0x0000000094400000| Untracked 
| 325|0x0000000094500000, 0x0000000094500000, 0x0000000094600000|  0%| F|  |TAMS 0x0000000094500000, 0x0000000094500000| Untracked 
| 326|0x0000000094600000, 0x0000000094600000, 0x0000000094700000|  0%| F|  |TAMS 0x0000000094600000, 0x0000000094600000| Untracked 
| 327|0x0000000094700000, 0x0000000094700000, 0x0000000094800000|  0%| F|  |TAMS 0x0000000094700000, 0x0000000094700000| Untracked 
| 328|0x0000000094800000, 0x0000000094800000, 0x0000000094900000|  0%| F|  |TAMS 0x0000000094800000, 0x0000000094800000| Untracked 
| 329|0x0000000094900000, 0x0000000094900000, 0x0000000094a00000|  0%| F|  |TAMS 0x0000000094900000, 0x0000000094900000| Untracked 
| 330|0x0000000094a00000, 0x0000000094a00000, 0x0000000094b00000|  0%| F|  |TAMS 0x0000000094a00000, 0x0000000094a00000| Untracked 
| 331|0x0000000094b00000, 0x0000000094b00000, 0x0000000094c00000|  0%| F|  |TAMS 0x0000000094b00000, 0x0000000094b00000| Untracked 
| 332|0x0000000094c00000, 0x0000000094c00000, 0x0000000094d00000|  0%| F|  |TAMS 0x0000000094c00000, 0x0000000094c00000| Untracked 
| 333|0x0000000094d00000, 0x0000000094d00000, 0x0000000094e00000|  0%| F|  |TAMS 0x0000000094d00000, 0x0000000094d00000| Untracked 
| 334|0x0000000094e00000, 0x0000000094e00000, 0x0000000094f00000|  0%| F|  |TAMS 0x0000000094e00000, 0x0000000094e00000| Untracked 
| 335|0x0000000094f00000, 0x0000000094f00000, 0x0000000095000000|  0%| F|  |TAMS 0x0000000094f00000, 0x0000000094f00000| Untracked 
| 336|0x0000000095000000, 0x0000000095000000, 0x0000000095100000|  0%| F|  |TAMS 0x0000000095000000, 0x0000000095000000| Untracked 
| 337|0x0000000095100000, 0x0000000095100000, 0x0000000095200000|  0%| F|  |TAMS 0x0000000095100000, 0x0000000095100000| Untracked 
| 338|0x0000000095200000, 0x0000000095200000, 0x0000000095300000|  0%| F|  |TAMS 0x0000000095200000, 0x0000000095200000| Untracked 
| 339|0x0000000095300000, 0x0000000095300000, 0x0000000095400000|  0%| F|  |TAMS 0x0000000095300000, 0x0000000095300000| Untracked 
| 340|0x0000000095400000, 0x0000000095400000, 0x0000000095500000|  0%| F|  |TAMS 0x0000000095400000, 0x0000000095400000| Untracked 
| 341|0x0000000095500000, 0x0000000095500000, 0x0000000095600000|  0%| F|  |TAMS 0x0000000095500000, 0x0000000095500000| Untracked 
| 342|0x0000000095600000, 0x0000000095600000, 0x0000000095700000|  0%| F|  |TAMS 0x0000000095600000, 0x0000000095600000| Untracked 
| 343|0x0000000095700000, 0x0000000095700000, 0x0000000095800000|  0%| F|  |TAMS 0x0000000095700000, 0x0000000095700000| Untracked 
| 344|0x0000000095800000, 0x0000000095800000, 0x0000000095900000|  0%| F|  |TAMS 0x0000000095800000, 0x0000000095800000| Untracked 
| 345|0x0000000095900000, 0x00000000959dba10, 0x0000000095a00000| 85%| S|CS|TAMS 0x0000000095900000, 0x0000000095900000| Complete 
| 346|0x0000000095a00000, 0x0000000095b00000, 0x0000000095b00000|100%| S|CS|TAMS 0x0000000095a00000, 0x0000000095a00000| Complete 
| 347|0x0000000095b00000, 0x0000000095c00000, 0x0000000095c00000|100%| S|CS|TAMS 0x0000000095b00000, 0x0000000095b00000| Complete 
| 348|0x0000000095c00000, 0x0000000095d00000, 0x0000000095d00000|100%| S|CS|TAMS 0x0000000095c00000, 0x0000000095c00000| Complete 
| 349|0x0000000095d00000, 0x0000000095e00000, 0x0000000095e00000|100%| S|CS|TAMS 0x0000000095d00000, 0x0000000095d00000| Complete 
| 350|0x0000000095e00000, 0x0000000095f00000, 0x0000000095f00000|100%| S|CS|TAMS 0x0000000095e00000, 0x0000000095e00000| Complete 
| 351|0x0000000095f00000, 0x0000000095f00000, 0x0000000096000000|  0%| F|  |TAMS 0x0000000095f00000, 0x0000000095f00000| Untracked 
| 352|0x0000000096000000, 0x0000000096000000, 0x0000000096100000|  0%| F|  |TAMS 0x0000000096000000, 0x0000000096000000| Untracked 
| 353|0x0000000096100000, 0x0000000096100000, 0x0000000096200000|  0%| F|  |TAMS 0x0000000096100000, 0x0000000096100000| Untracked 
| 354|0x0000000096200000, 0x0000000096200000, 0x0000000096300000|  0%| F|  |TAMS 0x0000000096200000, 0x0000000096200000| Untracked 
| 355|0x0000000096300000, 0x0000000096300000, 0x0000000096400000|  0%| F|  |TAMS 0x0000000096300000, 0x0000000096300000| Untracked 
| 356|0x0000000096400000, 0x0000000096400000, 0x0000000096500000|  0%| F|  |TAMS 0x0000000096400000, 0x0000000096400000| Untracked 
| 357|0x0000000096500000, 0x0000000096500000, 0x0000000096600000|  0%| F|  |TAMS 0x0000000096500000, 0x0000000096500000| Untracked 
| 358|0x0000000096600000, 0x0000000096600000, 0x0000000096700000|  0%| F|  |TAMS 0x0000000096600000, 0x0000000096600000| Untracked 
| 359|0x0000000096700000, 0x0000000096700000, 0x0000000096800000|  0%| F|  |TAMS 0x0000000096700000, 0x0000000096700000| Untracked 
| 360|0x0000000096800000, 0x0000000096800000, 0x0000000096900000|  0%| F|  |TAMS 0x0000000096800000, 0x0000000096800000| Untracked 
| 361|0x0000000096900000, 0x000000009699b440, 0x0000000096a00000| 60%| E|  |TAMS 0x0000000096900000, 0x0000000096900000| Complete 
| 362|0x0000000096a00000, 0x0000000096b00000, 0x0000000096b00000|100%| E|CS|TAMS 0x0000000096a00000, 0x0000000096a00000| Complete 
| 363|0x0000000096b00000, 0x0000000096c00000, 0x0000000096c00000|100%| E|CS|TAMS 0x0000000096b00000, 0x0000000096b00000| Complete 
| 364|0x0000000096c00000, 0x0000000096d00000, 0x0000000096d00000|100%| E|CS|TAMS 0x0000000096c00000, 0x0000000096c00000| Complete 
| 365|0x0000000096d00000, 0x0000000096e00000, 0x0000000096e00000|100%| E|CS|TAMS 0x0000000096d00000, 0x0000000096d00000| Complete 
| 366|0x0000000096e00000, 0x0000000096f00000, 0x0000000096f00000|100%| E|CS|TAMS 0x0000000096e00000, 0x0000000096e00000| Complete 
| 367|0x0000000096f00000, 0x0000000097000000, 0x0000000097000000|100%| E|CS|TAMS 0x0000000096f00000, 0x0000000096f00000| Complete 
| 368|0x0000000097000000, 0x0000000097100000, 0x0000000097100000|100%| E|CS|TAMS 0x0000000097000000, 0x0000000097000000| Complete 
| 369|0x0000000097100000, 0x0000000097200000, 0x0000000097200000|100%| E|CS|TAMS 0x0000000097100000, 0x0000000097100000| Complete 
| 370|0x0000000097200000, 0x0000000097300000, 0x0000000097300000|100%| E|CS|TAMS 0x0000000097200000, 0x0000000097200000| Complete 
| 371|0x0000000097300000, 0x0000000097400000, 0x0000000097400000|100%| E|CS|TAMS 0x0000000097300000, 0x0000000097300000| Complete 
| 372|0x0000000097400000, 0x0000000097500000, 0x0000000097500000|100%| E|CS|TAMS 0x0000000097400000, 0x0000000097400000| Complete 
| 373|0x0000000097500000, 0x0000000097600000, 0x0000000097600000|100%| E|CS|TAMS 0x0000000097500000, 0x0000000097500000| Complete 
| 374|0x0000000097600000, 0x0000000097700000, 0x0000000097700000|100%| E|CS|TAMS 0x0000000097600000, 0x0000000097600000| Complete 
| 375|0x0000000097700000, 0x0000000097800000, 0x0000000097800000|100%| E|CS|TAMS 0x0000000097700000, 0x0000000097700000| Complete 
| 376|0x0000000097800000, 0x0000000097900000, 0x0000000097900000|100%| E|CS|TAMS 0x0000000097800000, 0x0000000097800000| Complete 

Card table byte_map: [0x0000017372da0000,0x00000173731a0000] _byte_map_base: 0x00000173729a0000

Marking Bits (Prev, Next): (CMBitMap*) 0x000001736ebc0e80, (CMBitMap*) 0x000001736ebc0e48
 Prev Bits: [0x00000173755a0000, 0x00000173775a0000)
 Next Bits: [0x00000173735a0000, 0x00000173755a0000)

Polling page: 0x000001736cb70000

Metaspace:

Usage:
  Non-class:    128.82 MB capacity,   125.26 MB ( 97%) used,     2.95 MB (  2%) free+waste,   622.44 KB ( <1%) overhead. 
      Class:     19.56 MB capacity,    17.66 MB ( 90%) used,     1.63 MB (  8%) free+waste,   274.69 KB (  1%) overhead. 
       Both:    148.38 MB capacity,   142.92 MB ( 96%) used,     4.58 MB (  3%) free+waste,   897.13 KB ( <1%) overhead. 

Virtual space:
  Non-class space:      130.00 MB reserved,     129.00 MB (>99%) committed 
      Class space:        1.00 GB reserved,      19.57 MB (  2%) committed 
             Both:        1.13 GB reserved,     148.57 MB ( 13%) committed 

Chunk freelists:
   Non-Class:  56.00 KB
       Class:  3.00 KB
        Both:  59.00 KB

MaxMetaspaceSize: 17179869184.00 GB
CompressedClassSpaceSize: 1.00 GB

CodeHeap 'non-profiled nmethods': size=120000Kb used=25041Kb max_used=25041Kb free=94958Kb
 bounds [0x0000017307ad0000, 0x0000017309350000, 0x000001730f000000]
CodeHeap 'profiled nmethods': size=120000Kb used=59803Kb max_used=60776Kb free=60196Kb
 bounds [0x00000173005a0000, 0x0000017304180000, 0x0000017307ad0000]
CodeHeap 'non-nmethods': size=5760Kb used=2391Kb max_used=2469Kb free=3368Kb
 bounds [0x0000017300000000, 0x0000017300280000, 0x00000173005a0000]
 total_blobs=27794 nmethods=26776 adapters=925
 compilation: enabled
              stopped_count=0, restarted_count=0
 full_count=0

Compilation events (20 events):
Event: 3501.709 Thread 0x000001737a002000 nmethod 33650 0x0000017309343790 code [0x00000173093439c0, 0x0000017309345438]
Event: 3501.709 Thread 0x000001737a002000 33801 %     4       com.android.tools.r8.internal.Uu::a @ 59 (112 bytes)
Event: 3501.738 Thread 0x000001737a003000 33816       2       java.util.concurrent.locks.AbstractQueuedSynchronizer::setHeadAndPropagate (65 bytes)
Event: 3501.738 Thread 0x000001737a003000 nmethod 33816 0x0000017301b15690 code [0x0000017301b15860, 0x0000017301b15b48]
Event: 3501.747 Thread 0x000001737a002000 nmethod 33801% 0x0000017309345d90 code [0x0000017309345fc0, 0x00000173093469c8]
Event: 3501.747 Thread 0x000001737a002000 33678 %     4       com.android.tools.r8.ir.regalloc.a::a @ 1405 (3985 bytes)
Event: 3501.758 Thread 0x000001737a003000 33817       2       com.sun.org.apache.xerces.internal.impl.XMLScanner::scanPseudoAttribute (360 bytes)
Event: 3501.760 Thread 0x000001737a003000 nmethod 33817 0x0000017302379a90 code [0x0000017302379de0, 0x000001730237ac98]
Event: 3501.760 Thread 0x000001737a003000 33818       2       com.sun.org.apache.xerces.internal.impl.XMLScanner::scanPseudoAttributeName (97 bytes)
Event: 3501.761 Thread 0x000001737a003000 nmethod 33818 0x0000017301b1da10 code [0x0000017301b1dc00, 0x0000017301b1de58]
Event: 3501.763 Thread 0x000001737a003000 33819       2       org.gradle.internal.logging.source.JavaUtilLoggingSystem::snapshot (23 bytes)
Event: 3501.764 Thread 0x000001737a003000 nmethod 33819 0x0000017301bf4210 code [0x0000017301bf43c0, 0x0000017301bf45f8]
Event: 3501.764 Thread 0x000001737a003000 33820       2       org.gradle.internal.logging.source.JavaUtilLoggingSystem$SnapshotImpl::<init> (20 bytes)
Event: 3501.764 Thread 0x000001737a003000 nmethod 33820 0x0000017301b78e90 code [0x0000017301b79040, 0x0000017301b791f8]
Event: 3501.766 Thread 0x000001737a003000 33821   !   2       java.io.ObjectOutputStream::writeArray (584 bytes)
Event: 3501.767 Thread 0x000001737a003000 nmethod 33821 0x0000017302385f10 code [0x0000017302386280, 0x0000017302386eb8]
Event: 3501.779 Thread 0x000001737a003000 33824       2       com.google.gson.internal.bind.TypeAdapters$31::create (20 bytes)
Event: 3501.780 Thread 0x000001737a003000 nmethod 33824 0x0000017301c0fd10 code [0x0000017301c0fec0, 0x0000017301c10088]
Event: 3501.782 Thread 0x000001737a003000 33825       2       com.sun.org.apache.xerces.internal.impl.XMLDocumentFragmentScannerImpl::scanEndElement (170 bytes)
Event: 3501.783 Thread 0x000001737a003000 nmethod 33825 0x0000017301c10990 code [0x0000017301c10c00, 0x0000017301c113e8]

GC Heap History (20 events):
Event: 3491.767 GC heap before
{Heap before GC invocations=285 (full 0):
 garbage-first heap   total 313344K, used 200287K [0x0000000080000000, 0x0000000100000000)
  region size 1024K, 48 young (49152K), 1 survivors (1024K)
 Metaspace       used 145950K, capacity 151521K, committed 151628K, reserved 1181696K
  class space    used 18063K, capacity 20023K, committed 20044K, reserved 1048576K
}
Event: 3491.787 GC heap after
{Heap after GC invocations=286 (full 0):
 garbage-first heap   total 386048K, used 147178K [0x0000000080000000, 0x0000000100000000)
  region size 1024K, 5 young (5120K), 5 survivors (5120K)
 Metaspace       used 145950K, capacity 151521K, committed 151628K, reserved 1181696K
  class space    used 18063K, capacity 20023K, committed 20044K, reserved 1048576K
}
Event: 3498.870 GC heap before
{Heap before GC invocations=287 (full 0):
 garbage-first heap   total 386048K, used 292586K [0x0000000080000000, 0x0000000100000000)
  region size 1024K, 132 young (135168K), 5 survivors (5120K)
 Metaspace       used 146211K, capacity 151800K, committed 151884K, reserved 1181696K
  class space    used 18079K, capacity 20029K, committed 20044K, reserved 1048576K
}
Event: 3498.898 GC heap after
{Heap after GC invocations=288 (full 0):
 garbage-first heap   total 386048K, used 151494K [0x0000000080000000, 0x0000000100000000)
  region size 1024K, 10 young (10240K), 10 survivors (10240K)
 Metaspace       used 146211K, capacity 151800K, committed 151884K, reserved 1181696K
  class space    used 18079K, capacity 20029K, committed 20044K, reserved 1048576K
}
Event: 3499.131 GC heap before
{Heap before GC invocations=288 (full 0):
 garbage-first heap   total 386048K, used 158662K [0x0000000080000000, 0x0000000100000000)
  region size 1024K, 18 young (18432K), 10 survivors (10240K)
 Metaspace       used 146212K, capacity 151800K, committed 151884K, reserved 1181696K
  class space    used 18079K, capacity 20029K, committed 20044K, reserved 1048576K
}
Event: 3499.175 GC heap after
{Heap after GC invocations=289 (full 0):
 garbage-first heap   total 386048K, used 146355K [0x0000000080000000, 0x0000000100000000)
  region size 1024K, 3 young (3072K), 3 survivors (3072K)
 Metaspace       used 146212K, capacity 151800K, committed 151884K, reserved 1181696K
  class space    used 18079K, capacity 20029K, committed 20044K, reserved 1048576K
}
Event: 3499.276 GC heap before
{Heap before GC invocations=289 (full 0):
 garbage-first heap   total 386048K, used 153523K [0x0000000080000000, 0x0000000100000000)
  region size 1024K, 11 young (11264K), 3 survivors (3072K)
 Metaspace       used 146231K, capacity 151800K, committed 151884K, reserved 1181696K
  class space    used 18079K, capacity 20029K, committed 20044K, reserved 1048576K
}
Event: 3499.297 GC heap after
{Heap after GC invocations=290 (full 0):
 garbage-first heap   total 386048K, used 148296K [0x0000000080000000, 0x0000000100000000)
  region size 1024K, 5 young (5120K), 5 survivors (5120K)
 Metaspace       used 146231K, capacity 151800K, committed 151884K, reserved 1181696K
  class space    used 18079K, capacity 20029K, committed 20044K, reserved 1048576K
}
Event: 3500.580 GC heap before
{Heap before GC invocations=291 (full 0):
 garbage-first heap   total 386048K, used 249672K [0x0000000080000000, 0x0000000100000000)
  region size 1024K, 102 young (104448K), 5 survivors (5120K)
 Metaspace       used 146256K, capacity 151803K, committed 151884K, reserved 1181696K
  class space    used 18080K, capacity 20029K, committed 20044K, reserved 1048576K
}
Event: 3500.600 GC heap after
{Heap after GC invocations=292 (full 0):
 garbage-first heap   total 386048K, used 163025K [0x0000000080000000, 0x0000000100000000)
  region size 1024K, 13 young (13312K), 13 survivors (13312K)
 Metaspace       used 146256K, capacity 151803K, committed 151884K, reserved 1181696K
  class space    used 18080K, capacity 20029K, committed 20044K, reserved 1048576K
}
Event: 3500.619 GC heap before
{Heap before GC invocations=292 (full 0):
 garbage-first heap   total 386048K, used 168145K [0x0000000080000000, 0x0000000100000000)
  region size 1024K, 18 young (18432K), 13 survivors (13312K)
 Metaspace       used 146264K, capacity 151803K, committed 151884K, reserved 1181696K
  class space    used 18080K, capacity 20029K, committed 20044K, reserved 1048576K
}
Event: 3500.646 GC heap after
{Heap after GC invocations=293 (full 0):
 garbage-first heap   total 386048K, used 158907K [0x0000000080000000, 0x0000000100000000)
  region size 1024K, 2 young (2048K), 2 survivors (2048K)
 Metaspace       used 146264K, capacity 151803K, committed 151884K, reserved 1181696K
  class space    used 18080K, capacity 20029K, committed 20044K, reserved 1048576K
}
Event: 3501.076 GC heap before
{Heap before GC invocations=293 (full 0):
 garbage-first heap   total 386048K, used 220347K [0x0000000080000000, 0x0000000100000000)
  region size 1024K, 63 young (64512K), 2 survivors (2048K)
 Metaspace       used 146280K, capacity 151805K, committed 151884K, reserved 1181696K
  class space    used 18080K, capacity 20029K, committed 20044K, reserved 1048576K
}
Event: 3501.083 GC heap after
{Heap after GC invocations=294 (full 0):
 garbage-first heap   total 386048K, used 158813K [0x0000000080000000, 0x0000000100000000)
  region size 1024K, 2 young (2048K), 2 survivors (2048K)
 Metaspace       used 146280K, capacity 151805K, committed 151884K, reserved 1181696K
  class space    used 18080K, capacity 20029K, committed 20044K, reserved 1048576K
}
Event: 3501.468 GC heap before
{Heap before GC invocations=295 (full 0):
 garbage-first heap   total 386048K, used 274338K [0x0000000080000000, 0x0000000100000000)
  region size 1024K, 110 young (112640K), 2 survivors (2048K)
 Metaspace       used 146315K, capacity 151873K, committed 152140K, reserved 1181696K
  class space    used 18080K, capacity 20029K, committed 20044K, reserved 1048576K
}
Event: 3501.474 GC heap after
{Heap after GC invocations=296 (full 0):
 garbage-first heap   total 386048K, used 161549K [0x0000000080000000, 0x0000000100000000)
  region size 1024K, 5 young (5120K), 5 survivors (5120K)
 Metaspace       used 146315K, capacity 151873K, committed 152140K, reserved 1181696K
  class space    used 18080K, capacity 20029K, committed 20044K, reserved 1048576K
}
Event: 3501.495 GC heap before
{Heap before GC invocations=296 (full 0):
 garbage-first heap   total 386048K, used 174861K [0x0000000080000000, 0x0000000100000000)
  region size 1024K, 18 young (18432K), 5 survivors (5120K)
 Metaspace       used 146326K, capacity 151876K, committed 152140K, reserved 1181696K
  class space    used 18080K, capacity 20029K, committed 20044K, reserved 1048576K
}
Event: 3501.508 GC heap after
{Heap after GC invocations=297 (full 0):
 garbage-first heap   total 386048K, used 159255K [0x0000000080000000, 0x0000000100000000)
  region size 1024K, 3 young (3072K), 3 survivors (3072K)
 Metaspace       used 146326K, capacity 151876K, committed 152140K, reserved 1181696K
  class space    used 18080K, capacity 20029K, committed 20044K, reserved 1048576K
}
Event: 3501.566 GC heap before
{Heap before GC invocations=297 (full 0):
 garbage-first heap   total 386048K, used 180759K [0x0000000080000000, 0x0000000100000000)
  region size 1024K, 26 young (26624K), 3 survivors (3072K)
 Metaspace       used 146338K, capacity 151940K, committed 152140K, reserved 1181696K
  class space    used 18080K, capacity 20029K, committed 20044K, reserved 1048576K
}
Event: 3501.574 GC heap after
{Heap after GC invocations=298 (full 0):
 garbage-first heap   total 386048K, used 162336K [0x0000000080000000, 0x0000000100000000)
  region size 1024K, 6 young (6144K), 6 survivors (6144K)
 Metaspace       used 146338K, capacity 151940K, committed 152140K, reserved 1181696K
  class space    used 18080K, capacity 20029K, committed 20044K, reserved 1048576K
}

Deoptimization events (20 events):
Event: 3501.334 Thread 0x000001731108b000 DEOPT PACKING pc=0x0000017302fe392a sp=0x00000027290fd1f0
Event: 3501.335 Thread 0x000001731108b000 DEOPT UNPACKING pc=0x00000173000276ce sp=0x00000027290fc760 mode 0
Event: 3501.344 Thread 0x000001737ac44000 DEOPT PACKING pc=0x0000017303fb0231 sp=0x0000002729bfbf10
Event: 3501.344 Thread 0x000001737ac44000 DEOPT UNPACKING pc=0x00000173000276ce sp=0x0000002729bfb428 mode 0
Event: 3501.365 Thread 0x000001730f3dc800 DEOPT PACKING pc=0x0000017304029a06 sp=0x00000027299fced0
Event: 3501.365 Thread 0x000001730f3dc800 DEOPT UNPACKING pc=0x00000173000276ce sp=0x00000027299fc4a8 mode 0
Event: 3501.464 Thread 0x000001730f3dc800 DEOPT PACKING pc=0x000001730214e227 sp=0x00000027299fdee0
Event: 3501.464 Thread 0x000001730f3dc800 DEOPT UNPACKING pc=0x00000173000276ce sp=0x00000027299fd3a0 mode 0
Event: 3501.479 Thread 0x000001730f3dc800 DEOPT PACKING pc=0x000001730214e1e0 sp=0x00000027299fdee0
Event: 3501.479 Thread 0x000001730f3dc800 DEOPT UNPACKING pc=0x00000173000276ce sp=0x00000027299fd3a0 mode 0
Event: 3501.488 Thread 0x000001737ac44000 DEOPT PACKING pc=0x000001730214e1e0 sp=0x0000002729bfd900
Event: 3501.488 Thread 0x000001737ac44000 DEOPT UNPACKING pc=0x00000173000276ce sp=0x0000002729bfcdc0 mode 0
Event: 3501.514 Thread 0x000001737ac44000 DEOPT PACKING pc=0x000001730214e227 sp=0x0000002729bfd900
Event: 3501.514 Thread 0x000001737ac44000 DEOPT UNPACKING pc=0x00000173000276ce sp=0x0000002729bfcdc0 mode 0
Event: 3501.522 Thread 0x0000017311087800 DEOPT PACKING pc=0x000001730205ba1a sp=0x00000027292fcf90
Event: 3501.522 Thread 0x0000017311087800 DEOPT UNPACKING pc=0x00000173000276ce sp=0x00000027292fc428 mode 0
Event: 3501.524 Thread 0x000001731108b000 DEOPT PACKING pc=0x00000173040522e2 sp=0x00000027290fc300
Event: 3501.524 Thread 0x000001731108b000 DEOPT UNPACKING pc=0x00000173000276ce sp=0x00000027290fbfc0 mode 0
Event: 3501.529 Thread 0x000001737ac44000 DEOPT PACKING pc=0x000001730214e1e0 sp=0x0000002729bfd900
Event: 3501.529 Thread 0x000001737ac44000 DEOPT UNPACKING pc=0x00000173000276ce sp=0x0000002729bfcdc0 mode 0

Classes redefined (0 events):
No events

Internal exceptions (20 events):
Event: 3501.464 Thread 0x000001737ac42800 Exception <a 'sun/nio/fs/WindowsException'{0x0000000090fe76b8}> (0x0000000090fe76b8) thrown at [./src/hotspot/share/prims/jni.cpp, line 615]
Event: 3501.465 Thread 0x000001737ac44000 Exception <a 'sun/nio/fs/WindowsException'{0x00000000917b6898}> (0x00000000917b6898) thrown at [./src/hotspot/share/prims/jni.cpp, line 615]
Event: 3501.466 Thread 0x000001730f3d7000 Exception <a 'sun/nio/fs/WindowsException'{0x0000000091917058}> (0x0000000091917058) thrown at [./src/hotspot/share/prims/jni.cpp, line 615]
Event: 3501.467 Thread 0x000001730f3d6000 Exception <a 'sun/nio/fs/WindowsException'{0x0000000090b82f60}> (0x0000000090b82f60) thrown at [./src/hotspot/share/prims/jni.cpp, line 615]
Event: 3501.475 Thread 0x000001737ac44000 Exception <a 'sun/nio/fs/WindowsException'{0x00000000978498e0}> (0x00000000978498e0) thrown at [./src/hotspot/share/prims/jni.cpp, line 615]
Event: 3501.477 Thread 0x000001737ac42800 Exception <a 'sun/nio/fs/WindowsException'{0x000000009770ee30}> (0x000000009770ee30) thrown at [./src/hotspot/share/prims/jni.cpp, line 615]
Event: 3501.481 Thread 0x000001730f3dc800 Exception <a 'sun/nio/fs/WindowsException'{0x00000000975a0e90}> (0x00000000975a0e90) thrown at [./src/hotspot/share/prims/jni.cpp, line 615]
Event: 3501.482 Thread 0x000001730f3d7000 Exception <a 'sun/nio/fs/WindowsException'{0x0000000097462668}> (0x0000000097462668) thrown at [./src/hotspot/share/prims/jni.cpp, line 615]
Event: 3501.484 Thread 0x000001730f3d6000 Exception <a 'sun/nio/fs/WindowsException'{0x000000009726cea0}> (0x000000009726cea0) thrown at [./src/hotspot/share/prims/jni.cpp, line 615]
Event: 3501.487 Thread 0x000001737ac4c000 Exception <a 'sun/nio/fs/WindowsException'{0x00000000971e9318}> (0x00000000971e9318) thrown at [./src/hotspot/share/prims/jni.cpp, line 615]
Event: 3501.490 Thread 0x000001730f3d7000 Exception <a 'sun/nio/fs/WindowsException'{0x0000000096e798e0}> (0x0000000096e798e0) thrown at [./src/hotspot/share/prims/jni.cpp, line 615]
Event: 3501.492 Thread 0x000001730f3dc800 Exception <a 'sun/nio/fs/WindowsException'{0x0000000096eced78}> (0x0000000096eced78) thrown at [./src/hotspot/share/prims/jni.cpp, line 615]
Event: 3501.509 Thread 0x000001737ac4c000 Exception <a 'sun/nio/fs/WindowsException'{0x000000009776a470}> (0x000000009776a470) thrown at [./src/hotspot/share/prims/jni.cpp, line 615]
Event: 3501.511 Thread 0x000001737ac42800 Exception <a 'sun/nio/fs/WindowsException'{0x00000000977e9678}> (0x00000000977e9678) thrown at [./src/hotspot/share/prims/jni.cpp, line 615]
Event: 3501.513 Thread 0x000001730f3d7000 Exception <a 'sun/nio/fs/WindowsException'{0x000000009755c008}> (0x000000009755c008) thrown at [./src/hotspot/share/prims/jni.cpp, line 615]
Event: 3501.518 Thread 0x000001731108b000 Exception <a 'sun/nio/fs/WindowsException'{0x00000000977181c8}> (0x00000000977181c8) thrown at [./src/hotspot/share/prims/jni.cpp, line 615]
Event: 3501.533 Thread 0x000001737ac44000 Exception <a 'sun/nio/fs/WindowsException'{0x00000000978ff130}> (0x00000000978ff130) thrown at [./src/hotspot/share/prims/jni.cpp, line 615]
Event: 3501.536 Thread 0x000001731108b000 Exception <a 'sun/nio/fs/WindowsException'{0x0000000096ceb748}> (0x0000000096ceb748) thrown at [./src/hotspot/share/prims/jni.cpp, line 615]
Event: 3501.561 Thread 0x000001737ac44000 Exception <a 'sun/nio/fs/WindowsException'{0x0000000095f2c970}> (0x0000000095f2c970) thrown at [./src/hotspot/share/prims/jni.cpp, line 615]
Event: 3501.731 Thread 0x0000017311087800 Exception <a 'sun/nio/fs/WindowsException'{0x00000000973904a0}> (0x00000000973904a0) thrown at [./src/hotspot/share/prims/jni.cpp, line 615]

Events (20 events):
Event: 3501.116 Executing VM operation: RevokeBias
Event: 3501.116 Executing VM operation: RevokeBias done
Event: 3501.159 Executing VM operation: RevokeBias
Event: 3501.160 Executing VM operation: RevokeBias done
Event: 3501.268 Executing VM operation: RevokeBias
Event: 3501.269 Executing VM operation: RevokeBias done
Event: 3501.271 Executing VM operation: CGC_Operation
Event: 3501.287 Executing VM operation: CGC_Operation done
Event: 3501.376 Executing VM operation: RevokeBias
Event: 3501.376 Executing VM operation: RevokeBias done
Event: 3501.384 Executing VM operation: CGC_Operation
Event: 3501.384 Executing VM operation: CGC_Operation done
Event: 3501.468 Executing VM operation: G1CollectForAllocation
Event: 3501.475 Executing VM operation: G1CollectForAllocation done
Event: 3501.494 Executing VM operation: G1CollectForAllocation
Event: 3501.508 Executing VM operation: G1CollectForAllocation done
Event: 3501.566 Executing VM operation: G1CollectForAllocation
Event: 3501.574 Executing VM operation: G1CollectForAllocation done
Event: 3501.710 Executing VM operation: CGC_Operation
Event: 3501.729 Executing VM operation: CGC_Operation done


Dynamic libraries:
0x00007ff6541a0000 - 0x00007ff6541aa000 	C:\Program Files\Android\Android Studio\jre\bin\java.exe
0x00007ff83b5d0000 - 0x00007ff83b7c6000 	C:\WINDOWS\SYSTEM32\ntdll.dll
0x00007ff83b270000 - 0x00007ff83b32d000 	C:\WINDOWS\System32\KERNEL32.DLL
0x00007ff838d10000 - 0x00007ff838fd8000 	C:\WINDOWS\System32\KERNELBASE.dll
0x00007ff839040000 - 0x00007ff839140000 	C:\WINDOWS\System32\ucrtbase.dll
0x00007ff801180000 - 0x00007ff801199000 	C:\Program Files\Android\Android Studio\jre\bin\jli.dll
0x00007ff839c80000 - 0x00007ff839e20000 	C:\WINDOWS\System32\USER32.dll
0x00007ff839140000 - 0x00007ff839162000 	C:\WINDOWS\System32\win32u.dll
0x00007ff839ac0000 - 0x00007ff839aea000 	C:\WINDOWS\System32\GDI32.dll
0x00007ff839240000 - 0x00007ff839349000 	C:\WINDOWS\System32\gdi32full.dll
0x00007ff8391a0000 - 0x00007ff83923d000 	C:\WINDOWS\System32\msvcp_win.dll
0x00007ff800790000 - 0x00007ff8007a7000 	C:\Program Files\Android\Android Studio\jre\bin\VCRUNTIME140.dll
0x00007ff826e10000 - 0x00007ff8270ab000 	C:\WINDOWS\WinSxS\amd64_microsoft.windows.common-controls_6595b64144ccf1df_6.0.19041.488_none_ca04af081b815d21\COMCTL32.dll
0x00007ff83a8f0000 - 0x00007ff83a98e000 	C:\WINDOWS\System32\msvcrt.dll
0x00007ff83a060000 - 0x00007ff83a090000 	C:\WINDOWS\System32\IMM32.DLL
0x00007fffd59d0000 - 0x00007fffd5a6d000 	C:\Program Files\Android\Android Studio\jre\bin\msvcp140.dll
0x00007ff802070000 - 0x00007ff802b3f000 	C:\Program Files\Android\Android Studio\jre\bin\server\jvm.dll
0x00007ff83b1c0000 - 0x00007ff83b26c000 	C:\WINDOWS\System32\ADVAPI32.dll
0x00007ff83b330000 - 0x00007ff83b3cb000 	C:\WINDOWS\System32\sechost.dll
0x00007ff83a9b0000 - 0x00007ff83aad4000 	C:\WINDOWS\System32\RPCRT4.dll
0x00007ff83a050000 - 0x00007ff83a058000 	C:\WINDOWS\System32\PSAPI.DLL
0x00007ff824380000 - 0x00007ff824389000 	C:\WINDOWS\SYSTEM32\WSOCK32.dll
0x00007ff83aae0000 - 0x00007ff83ab4b000 	C:\WINDOWS\System32\WS2_32.dll
0x00007ff8262b0000 - 0x00007ff8262d7000 	C:\WINDOWS\SYSTEM32\WINMM.dll
0x00007ff82f840000 - 0x00007ff82f84a000 	C:\WINDOWS\SYSTEM32\VERSION.dll
0x00007ff8375f0000 - 0x00007ff837602000 	C:\WINDOWS\SYSTEM32\kernel.appcore.dll
0x00007ff819e30000 - 0x00007ff819e41000 	C:\Program Files\Android\Android Studio\jre\bin\verify.dll
0x00007ff836b50000 - 0x00007ff836d34000 	C:\WINDOWS\SYSTEM32\DBGHELP.DLL
0x00007ff8201d0000 - 0x00007ff8201fc000 	C:\WINDOWS\SYSTEM32\dbgcore.DLL
0x00007ff839350000 - 0x00007ff8393cf000 	C:\WINDOWS\System32\bcryptPrimitives.dll
0x00007ff816be0000 - 0x00007ff816c09000 	C:\Program Files\Android\Android Studio\jre\bin\java.dll
0x00007ff826da0000 - 0x00007ff826dab000 	C:\Program Files\Android\Android Studio\jre\bin\jimage.dll
0x00007ff802050000 - 0x00007ff802068000 	C:\Program Files\Android\Android Studio\jre\bin\zip.dll
0x00007ff83a140000 - 0x00007ff83a881000 	C:\WINDOWS\System32\SHELL32.dll
0x00007ff836e40000 - 0x00007ff8375d5000 	C:\WINDOWS\SYSTEM32\windows.storage.dll
0x00007ff839630000 - 0x00007ff839985000 	C:\WINDOWS\System32\combase.dll
0x00007ff838780000 - 0x00007ff8387ac000 	C:\WINDOWS\SYSTEM32\Wldp.dll
0x00007ff839bd0000 - 0x00007ff839c7e000 	C:\WINDOWS\System32\SHCORE.dll
0x00007ff83a890000 - 0x00007ff83a8e5000 	C:\WINDOWS\System32\shlwapi.dll
0x00007ff838c40000 - 0x00007ff838c66000 	C:\WINDOWS\SYSTEM32\profapi.dll
0x00007ff802030000 - 0x00007ff80204a000 	C:\Program Files\Android\Android Studio\jre\bin\net.dll
0x00007ff833690000 - 0x00007ff833790000 	C:\WINDOWS\SYSTEM32\WINHTTP.dll
0x00007ff838500000 - 0x00007ff83856a000 	C:\WINDOWS\system32\mswsock.dll
0x00007ff802010000 - 0x00007ff802024000 	C:\Program Files\Android\Android Studio\jre\bin\nio.dll
0x00007ff8016d0000 - 0x00007ff8016f7000 	C:\Users\palbr\.gradle\native\8bec1ad78214c89d9ad589b4d07fe93259594b29d510b10fafb7a158f7737e5d\windows-amd64\native-platform.dll
0x00007fffdbb80000 - 0x00007fffdbcbd000 	C:\Users\palbr\.gradle\native\53dbd7edfb1c66fb8903c78663c9afc45aea4f116125fa6feffd364cf09443e8\windows-amd64\native-platform-file-events.dll
0x00007ff826cc0000 - 0x00007ff826cca000 	C:\Program Files\Android\Android Studio\jre\bin\management.dll
0x00007ff826ba0000 - 0x00007ff826bac000 	C:\Program Files\Android\Android Studio\jre\bin\management_ext.dll
0x00007ff8386e0000 - 0x00007ff8386f8000 	C:\WINDOWS\SYSTEM32\CRYPTSP.dll
0x00007ff837e20000 - 0x00007ff837e54000 	C:\WINDOWS\system32\rsaenh.dll
0x00007ff839170000 - 0x00007ff839197000 	C:\WINDOWS\System32\bcrypt.dll
0x00007ff838c00000 - 0x00007ff838c2e000 	C:\WINDOWS\SYSTEM32\USERENV.dll
0x00007ff8386d0000 - 0x00007ff8386dc000 	C:\WINDOWS\SYSTEM32\CRYPTBASE.dll
0x00007ff8381a0000 - 0x00007ff8381db000 	C:\WINDOWS\SYSTEM32\IPHLPAPI.DLL
0x00007ff83a9a0000 - 0x00007ff83a9a8000 	C:\WINDOWS\System32\NSI.dll
0x00007ff82f900000 - 0x00007ff82f917000 	C:\WINDOWS\SYSTEM32\dhcpcsvc6.DLL
0x00007ff82fa40000 - 0x00007ff82fa5d000 	C:\WINDOWS\SYSTEM32\dhcpcsvc.DLL
0x00007ff8381f0000 - 0x00007ff8382bb000 	C:\WINDOWS\SYSTEM32\DNSAPI.dll
0x00007ff801140000 - 0x00007ff801167000 	C:\Program Files\Android\Android Studio\jre\bin\sunec.dll

dbghelp: loaded successfully - version: 4.0.5 - missing functions: none
symbol engine: initialized successfully - sym options: 0x614 - pdb path: .;C:\Program Files\Android\Android Studio\jre\bin;C:\WINDOWS\SYSTEM32;C:\WINDOWS\WinSxS\amd64_microsoft.windows.common-controls_6595b64144ccf1df_6.0.19041.488_none_ca04af081b815d21;C:\Program Files\Android\Android Studio\jre\bin\server;C:\Users\palbr\.gradle\native\8bec1ad78214c89d9ad589b4d07fe93259594b29d510b10fafb7a158f7737e5d\windows-amd64;C:\Users\palbr\.gradle\native\53dbd7edfb1c66fb8903c78663c9afc45aea4f116125fa6feffd364cf09443e8\windows-amd64

VM Arguments:
jvm_args: --add-opens=java.base/java.util=ALL-UNNAMED --add-opens=java.base/java.lang=ALL-UNNAMED --add-opens=java.base/java.lang.invoke=ALL-UNNAMED --add-opens=java.base/java.util=ALL-UNNAMED --add-opens=java.prefs/java.util.prefs=ALL-UNNAMED --add-opens=java.prefs/java.util.prefs=ALL-UNNAMED --add-opens=java.base/java.nio.charset=ALL-UNNAMED --add-opens=java.base/java.net=ALL-UNNAMED --add-opens=java.base/java.util.concurrent.atomic=ALL-UNNAMED -Xmx2048m -Dfile.encoding=UTF-8 -Duser.country=US -Duser.language=en -Duser.variant 
java_command: org.gradle.launcher.daemon.bootstrap.GradleDaemon 7.0.2
java_class_path (initial): C:\Users\palbr\.gradle\wrapper\dists\gradle-7.0.2-bin\857tjihv64xamwrf0h14cai3r\gradle-7.0.2\lib\gradle-launcher-7.0.2.jar
Launcher Type: SUN_STANDARD

[Global flags]
     intx CICompilerCount                          = 4                                         {product} {ergonomic}
     uint ConcGCThreads                            = 2                                         {product} {ergonomic}
     uint G1ConcRefinementThreads                  = 8                                         {product} {ergonomic}
   size_t G1HeapRegionSize                         = 1048576                                   {product} {ergonomic}
    uintx GCDrainStackTargetSize                   = 64                                        {product} {ergonomic}
   size_t InitialHeapSize                          = 132120576                                 {product} {ergonomic}
   size_t MarkStackSize                            = 4194304                                   {product} {ergonomic}
   size_t MaxHeapSize                              = 2147483648                                {product} {command line}
   size_t MaxNewSize                               = 1287651328                                {product} {ergonomic}
   size_t MinHeapDeltaBytes                        = 1048576                                   {product} {ergonomic}
    uintx NonNMethodCodeHeapSize                   = 5836300                                {pd product} {ergonomic}
    uintx NonProfiledCodeHeapSize                  = 122910970                              {pd product} {ergonomic}
    uintx ProfiledCodeHeapSize                     = 122910970                              {pd product} {ergonomic}
    uintx ReservedCodeCacheSize                    = 251658240                              {pd product} {ergonomic}
     bool SegmentedCodeCache                       = true                                      {product} {ergonomic}
     bool UseCompressedClassPointers               = true                                 {lp64_product} {ergonomic}
     bool UseCompressedOops                        = true                                 {lp64_product} {ergonomic}
     bool UseG1GC                                  = true                                      {product} {ergonomic}
     bool UseLargePagesIndividualAllocation        = false                                  {pd product} {ergonomic}

Logging:
Log output configuration:
 #0: stdout all=warning uptime,level,tags
 #1: stderr all=off uptime,level,tags

Environment Variables:
JAVA_HOME=C:\Program Files\Java\jdk-17.0.1
PATH=C:\Program Files\Common Files\Oracle\Java\javapath;C:\Program Files (x86)\Common Files\Oracle\Java\javapath;C:\WINDOWS\system32;C:\WINDOWS;C:\WINDOWS\System32\Wbem;C:\WINDOWS\System32\WindowsPowerShell\v1.0\;C:\WINDOWS\System32\OpenSSH\;C:\Program Files\Intel\WiFi\bin\;C:\Program Files\Common Files\Intel\WirelessCommon\;C:\Users\palbr\Desktop\bin;C:\Aldec\Active-HDL-Student-Edition\bin;C:\Users\palbr\Desktop\Advance Digital\bin;C:\Program Files (x86)\IVI Foundation\VISA\WinNT\Bin\;C:\Program Files\IVI Foundation\VISA\Win64\Bin\;C:\Program Files (x86)\National Instruments\Shared\LabVIEW CLI;C:\Program Files (x86)\IVI Foundation\VISA\WinNT\Bin;C:\Program Files\Java\jdk-17.0.1\bin;C:\Program Files\PuTTY\;C:\Program Files (x86)\Microchip\MPLAB C32 Suite\bin;C:\Users\palbr\AppData\Local\Microsoft\WindowsApps;;C:\Program Files\JetBrains\PyCharm Community Edition 2020.2\bin;;C:\Users\palbr\AppData\Local\Programs\Microsoft VS Code\bin;C:\Program Files\GPAC
USERNAME=Aminah Abo Shlbayah
OS=Windows_NT
PROCESSOR_IDENTIFIER=Intel64 Family 6 Model 142 Stepping 10, GenuineIntel



---------------  S Y S T E M  ---------------

OS: Windows 10 , 64 bit Build 19041 (10.0.19041.546)
OS uptime: 0 days 0:59 hours

CPU:total 8 (initial active 8) (4 cores per cpu, 2 threads per core) family 6 model 142 stepping 10 microcode 0xb4, cmov, cx8, fxsr, mmx, sse, sse2, sse3, ssse3, sse4.1, sse4.2, popcnt, avx, avx2, aes, clmul, erms, 3dnowpref, lzcnt, ht, tsc, tscinvbit, bmi1, bmi2, adx, fma

Memory: 4k page, system-wide physical 8045M (416M free)
TotalPageFile size 13041M (AvailPageFile size 6M)
current process WorkingSet (physical memory assigned to process): 620M, peak: 620M
current process commit charge ("private bytes"): 841M, peak: 844M

vm_info: OpenJDK 64-Bit Server VM (11.0.10+0-b96-7249189) for windows-amd64 JRE (11.0.10+0-b96-7249189), built on Mar 31 2021 21:44:00 by "builder" with MS VC++ 14.0 (VS2015)

END.
